Gen 0	17831	17	33	24	41	37	3	16	23	35	30	7	25	21	47	10	43	45	40	44	29	18	28	5	20	31	13	1	36	27	2	4	38	22	14	15	11	9	32	6	8	42	26	39	34	46	12	19
Gen 1	17762	25	32	40	35	43	38	33	41	7	21	28	37	29	23	17	31	20	9	1	36	3	18	44	10	15	45	24	2	30	13	14	5	4	11	47	27	6	22	16	8	26	42	39	34	46	12	19
Gen 2	17941	30	35	25	16	7	32	29	23	3	37	38	45	17	18	41	40	28	9	44	47	15	2	5	27	43	10	31	20	21	14	36	33	1	11	4	6	13	24	22	8	26	42	12	39	34	46	19
Gen 3	17380	35	47	10	15	21	7	27	32	44	25	17	9	23	38	28	1	24	37	40	43	33	2	20	45	36	3	41	30	14	16	31	4	11	5	13	29	6	22	18	8	26	42	12	34	46	39	19
Gen 4	16985	40	1	29	18	32	9	23	38	37	30	43	27	15	28	3	16	45	24	33	36	2	41	44	20	7	21	17	5	47	10	35	25	4	13	6	22	14	11	31	8	42	26	39	12	46	34	19
Gen 5	17484	47	27	9	32	18	29	37	30	38	1	35	44	31	7	36	10	15	28	25	23	41	17	20	45	2	3	24	40	43	21	33	22	4	5	13	11	14	6	16	8	26	42	12	39	46	34	19
Gen 6	17989	9	33	24	28	32	31	18	16	47	41	44	37	29	3	17	10	36	23	30	27	40	43	2	15	21	1	38	45	13	25	22	11	7	5	35	4	20	6	14	26	8	42	39	34	46	12	19
Gen 7	18046	41	15	35	1	18	29	25	32	9	23	28	43	17	3	47	40	44	33	20	2	31	36	45	16	21	7	13	5	27	24	22	14	11	4	30	38	37	10	6	26	8	42	39	34	12	46	19
Gen 8	17379	15	17	25	10	28	9	3	24	21	33	35	32	47	27	44	40	45	37	38	2	29	18	36	20	5	43	30	7	13	11	23	14	6	4	22	41	1	31	16	26	8	42	12	34	46	39	19
Gen 9	17339	36	32	37	3	15	27	28	47	25	29	24	44	40	43	9	18	41	38	17	1	45	33	23	2	7	35	13	16	20	21	22	5	6	11	4	14	31	30	10	8	26	42	12	34	46	39	19
Gen 10	16693	17	36	41	1	33	47	35	43	24	44	18	28	40	23	32	7	15	21	20	16	9	30	37	29	5	45	31	3	2	10	4	11	25	38	14	22	27	6	13	8	26	42	39	12	34	46	19
Gen 11	17193	28	36	37	43	18	44	33	3	29	45	9	23	32	16	41	15	10	40	7	27	25	24	17	47	5	13	38	2	14	11	4	30	1	6	22	20	21	31	35	26	8	42	12	39	46	34	19
Gen 12	16861	21	28	44	30	32	3	18	37	43	40	41	23	15	29	1	17	35	9	36	38	2	33	25	45	47	10	27	24	31	7	20	5	14	13	22	6	11	4	16	26	8	42	12	34	46	39	19
Gen 13	16350	17	15	31	10	47	43	40	33	27	18	3	7	37	35	45	25	28	21	16	38	2	24	29	44	5	32	30	20	14	11	4	23	9	36	41	1	22	13	6	8	26	42	12	39	46	34	19
Gen 14	17042	27	9	31	16	44	38	1	41	15	10	21	40	3	36	43	17	28	20	2	45	7	25	32	5	18	37	24	29	23	30	35	47	13	11	4	14	6	22	33	8	26	42	12	34	46	39	19
Gen 15	16415	17	28	9	32	36	23	7	31	38	37	27	43	40	21	35	10	33	3	45	25	2	29	18	24	1	41	44	20	15	47	11	14	6	13	5	4	22	30	16	26	8	42	12	39	34	46	19
Gen 16	15957	36	25	16	31	41	18	3	29	30	9	17	23	32	7	21	15	1	24	5	47	10	33	45	38	37	44	43	2	22	11	14	4	13	35	40	27	6	20	28	26	8	42	12	39	34	46	19
Gen 17	16499	15	35	32	1	37	3	29	18	44	25	45	7	43	17	28	47	27	21	10	38	9	23	33	5	2	24	40	41	22	14	11	4	6	13	30	36	20	16	31	8	42	26	12	34	46	39	19
Gen 18	16841	21	25	15	29	18	24	3	17	40	43	38	27	44	1	41	37	9	30	2	5	47	33	32	45	23	35	31	16	20	7	11	22	10	14	4	13	28	36	6	8	26	42	39	34	46	12	19
Gen 19	15859	15	24	3	18	37	40	43	35	10	28	27	17	36	47	32	29	41	38	16	21	45	2	1	5	20	31	7	9	25	23	33	30	44	22	14	11	4	13	6	26	8	42	39	34	46	12	19
Gen 20	16620	47	29	1	36	3	18	37	10	27	28	25	7	15	38	41	23	33	16	31	17	43	45	9	44	2	35	13	32	21	20	22	14	4	11	6	5	24	40	30	8	26	42	39	34	46	12	19
Gen 21	15913	40	18	33	43	23	44	35	10	31	29	45	36	9	41	38	1	30	15	28	24	2	27	17	32	16	25	20	5	47	37	3	22	6	14	11	4	21	7	13	8	26	42	12	34	46	39	19
Gen 22	16107	25	23	36	44	40	41	38	18	24	15	10	35	33	17	3	29	1	45	43	27	7	30	2	20	28	31	21	47	16	5	14	4	11	9	37	22	6	13	32	26	42	8	12	39	34	46	19
Gen 23	16102	47	15	32	27	36	9	31	30	21	33	24	43	44	37	23	17	28	7	16	5	10	45	18	29	1	35	20	13	14	11	4	22	6	3	40	2	38	41	25	8	26	42	39	34	46	12	19
Gen 24	15617	18	29	41	31	32	23	9	36	1	24	38	44	27	47	15	10	35	16	25	45	33	3	37	2	40	7	43	17	30	20	13	5	28	14	11	6	22	21	4	26	8	42	39	34	46	12	19
Gen 25	15733	43	24	33	41	37	40	28	29	3	38	36	1	30	44	23	32	21	15	31	20	16	5	27	17	2	7	13	10	25	9	18	22	6	47	11	4	14	45	35	26	42	8	12	34	46	39	19
Gen 26	14862	47	23	32	16	31	7	21	25	9	45	43	17	24	3	29	38	41	44	15	28	37	18	40	2	33	27	13	20	22	11	4	14	6	1	36	5	10	35	30	8	26	42	12	34	46	39	19
Gen 27	15150	43	37	10	16	31	15	47	35	25	30	36	41	29	3	1	44	32	20	5	33	27	17	23	18	24	2	40	9	38	22	14	11	4	13	21	45	6	28	7	8	26	42	12	39	34	46	19
Gen 28	15468	9	31	36	23	16	35	10	47	30	7	21	25	15	40	45	33	28	17	3	2	1	41	37	38	18	43	27	24	29	44	20	5	13	6	22	14	4	11	32	26	8	42	12	34	46	39	19
Gen 29	15476	29	44	37	1	35	21	7	25	9	32	28	31	16	15	10	33	47	18	40	24	3	2	27	45	20	5	13	23	14	11	4	22	6	17	41	38	36	43	30	8	26	42	12	39	46	34	19
Gen 30	14487	18	43	40	9	32	7	29	44	1	41	38	36	37	30	21	47	45	20	5	35	10	28	2	33	27	15	13	31	16	25	17	24	22	6	14	4	11	23	3	8	26	42	12	34	46	39	19
Gen 31	15281	17	41	36	23	30	38	18	37	44	1	29	40	43	28	15	10	35	31	16	20	5	24	3	32	21	7	25	27	2	33	13	11	6	45	47	9	22	14	4	26	42	8	12	34	46	39	19
Gen 32	15030	28	27	17	18	10	35	32	30	37	40	44	1	43	41	38	23	3	29	2	25	21	15	24	36	9	7	45	33	13	11	14	22	6	47	4	31	16	20	5	8	26	42	12	34	46	39	19
Gen 33	15018	18	24	33	3	21	7	16	31	17	27	43	44	36	45	32	23	29	1	41	37	38	2	5	10	15	13	28	40	9	30	11	4	6	22	14	20	47	35	25	8	26	42	39	34	46	12	19
Gen 34	15257	28	15	21	24	44	37	1	36	23	31	47	10	27	45	43	17	30	41	38	9	29	18	3	2	20	13	35	5	14	11	4	22	32	7	16	40	33	25	6	8	42	26	12	34	46	39	19
Gen 35	15248	41	37	18	33	24	40	43	35	47	7	9	36	3	38	25	27	45	17	15	28	44	1	2	5	20	30	23	32	21	31	16	10	14	11	4	6	22	29	13	8	26	42	12	34	46	39	19
Gen 36	13972	28	21	31	16	32	35	3	29	37	38	41	1	44	43	27	17	18	24	45	40	2	33	9	30	20	13	15	7	25	23	10	5	47	36	14	11	4	6	22	8	26	42	12	34	46	39	19
Gen 37	14345	47	35	27	28	40	1	36	23	9	10	25	7	17	43	3	29	37	41	38	30	44	45	20	31	16	5	15	13	14	22	33	18	24	2	4	11	6	21	32	26	42	8	12	39	34	46	19
Gen 38	14615	28	47	44	23	9	38	41	24	3	18	29	35	10	25	1	37	32	7	16	31	20	5	2	45	27	43	40	33	21	15	13	36	17	6	14	11	22	4	30	8	26	42	39	34	46	12	19
Gen 39	14888	28	15	21	47	24	43	40	17	18	37	41	36	9	30	7	27	29	33	3	38	23	25	5	35	32	16	20	13	22	14	11	4	10	1	44	6	45	2	31	8	26	42	12	34	46	39	19
Gen 40	14105	28	47	17	44	9	36	23	31	16	32	30	41	38	18	37	1	24	3	29	2	45	33	27	40	43	13	5	20	35	22	11	4	14	6	15	10	7	25	21	26	42	8	12	34	46	39	19
Gen 41	14157	15	29	1	36	30	7	16	31	17	24	27	28	21	32	9	23	38	41	2	40	33	45	3	43	25	5	13	20	22	14	4	11	6	10	35	47	18	37	44	8	26	42	39	34	46	12	19
Gen 42	14060	47	18	29	10	15	40	43	41	38	1	36	23	9	17	24	33	7	25	28	27	45	5	20	16	21	35	30	32	31	13	14	11	4	6	22	2	44	37	3	8	26	42	39	34	46	12	19
Gen 43	14208	15	10	35	25	17	27	47	40	38	29	23	32	9	7	16	31	20	21	30	36	33	18	2	24	3	37	44	1	41	22	11	4	6	5	14	13	28	43	45	26	42	8	12	34	46	39	19
Gen 44	13551	43	27	25	23	30	9	31	7	21	32	16	10	35	15	47	36	38	41	24	37	2	3	29	44	1	17	40	18	33	22	4	14	11	6	5	13	20	45	28	8	26	42	12	39	34	46	19
Gen 45	14430	15	10	1	17	33	27	47	32	29	23	44	37	38	41	36	9	20	7	25	5	35	31	16	21	40	18	24	3	43	22	2	45	28	6	4	11	14	13	30	8	26	42	39	34	46	12	19
Gen 46	14218	43	25	32	17	33	3	29	37	44	38	41	1	9	10	28	27	47	36	23	30	45	20	5	16	31	21	35	40	24	2	18	15	13	11	4	6	22	14	7	8	26	42	12	34	46	39	19
Gen 47	14501	28	43	35	9	31	16	21	25	1	41	38	27	40	33	24	29	18	3	37	45	5	47	15	10	7	32	17	2	14	11	20	13	30	36	44	23	4	6	22	8	26	42	39	34	46	12	19
Gen 48	13819	15	10	16	21	25	32	9	30	31	28	43	27	47	44	17	45	33	24	18	37	38	36	23	2	1	29	41	3	40	22	14	11	4	6	5	35	7	20	13	8	42	26	12	39	34	46	19
Gen 49	13246	47	16	31	21	15	35	10	28	44	37	1	29	45	24	33	32	7	20	5	17	43	40	9	30	36	23	38	41	22	14	11	4	13	6	18	3	2	27	25	8	26	42	39	34	46	12	19
Gen 50	14051	27	18	24	17	36	44	23	25	9	15	28	45	43	40	33	3	29	37	41	38	30	16	31	7	32	20	5	35	47	10	1	2	22	11	4	6	13	14	21	26	42	8	12	39	34	46	19
Gen 51	13655	15	10	35	16	21	3	18	29	44	1	36	23	32	9	30	41	38	43	17	27	28	7	20	5	2	33	25	31	45	24	37	40	22	6	47	14	11	4	13	8	26	42	39	34	46	12	19
Gen 52	13930	15	21	24	44	40	17	27	30	32	35	28	45	47	43	3	18	29	33	2	5	20	16	31	25	9	23	36	37	38	41	1	22	14	11	4	13	7	10	6	8	42	26	12	39	46	34	19
Gen 53	13341	47	21	25	32	30	36	23	38	29	37	3	33	27	17	45	40	10	28	43	24	2	18	1	44	41	9	31	5	13	20	35	7	14	11	4	22	6	15	16	26	42	8	12	34	46	39	19
Gen 54	13488	28	43	44	23	30	36	37	1	41	38	17	27	16	31	9	32	25	33	18	3	29	24	2	5	20	45	15	47	40	22	14	11	4	13	35	7	21	10	6	8	26	42	39	34	46	12	19
Gen 55	13827	15	10	16	43	40	33	23	30	31	21	7	32	9	38	1	3	27	28	36	35	17	45	2	24	18	37	41	29	44	25	14	11	4	20	13	5	22	6	47	8	26	42	12	34	46	39	19
Gen 56	13446	47	40	43	17	24	27	9	21	7	16	45	18	3	29	1	37	44	38	36	23	32	30	5	35	31	20	2	33	41	25	15	28	10	6	22	14	11	4	13	8	26	42	12	34	46	39	19
Gen 57	13071	47	10	15	35	21	32	16	31	25	17	43	24	33	36	9	41	38	23	30	7	20	5	45	28	3	18	1	37	44	29	2	27	40	22	11	4	6	14	13	8	26	42	12	39	34	46	19
Gen 58	13670	28	47	32	16	21	7	31	25	15	24	18	3	29	37	38	41	44	30	23	36	27	17	33	1	40	43	2	45	5	9	35	13	22	6	14	11	4	20	10	8	26	42	39	34	46	12	19
Gen 59	13482	28	27	40	17	30	36	9	23	41	38	1	44	33	24	18	31	16	32	35	10	43	25	7	21	47	5	13	20	45	2	3	29	37	22	6	4	11	14	15	8	26	42	12	39	34	46	19
Gen 60	13435	28	32	44	24	17	27	23	30	9	29	37	38	36	1	41	3	18	33	45	2	15	35	47	43	40	5	20	13	14	11	4	31	16	21	10	7	25	22	6	8	26	42	39	34	46	12	19
Gen 61	12911	15	10	25	9	30	36	23	32	27	17	45	43	28	35	21	7	20	16	31	5	2	3	29	18	37	44	1	38	41	22	14	11	4	13	6	47	40	33	24	8	42	26	12	34	46	39	19
Gen 62	13468	15	10	31	16	21	32	25	28	27	18	37	33	24	1	41	36	17	45	43	40	38	44	23	9	30	7	29	3	2	22	14	11	6	5	20	13	4	47	35	8	26	42	39	34	46	12	19
Gen 63	12748	40	24	3	29	44	43	17	33	18	15	47	45	28	35	30	9	23	32	21	7	16	31	20	25	27	36	38	41	1	37	2	22	6	11	4	5	13	14	10	8	26	42	12	34	46	39	19
Gen 64	13076	17	33	25	21	31	7	38	41	29	37	23	30	36	1	18	3	44	45	10	15	35	47	28	27	40	43	24	2	14	11	4	22	6	13	32	9	20	16	5	8	26	42	39	34	46	12	19
Gen 65	13392	40	43	17	33	37	44	3	18	29	1	36	23	30	9	32	7	28	47	10	25	15	31	16	21	35	13	20	5	2	38	45	24	27	22	6	14	11	4	41	8	26	42	12	34	46	39	19
Gen 66	13007	15	10	17	18	41	36	38	25	21	30	23	9	35	7	32	16	31	3	29	37	44	1	40	27	28	47	5	2	24	43	33	45	6	22	14	11	4	20	13	8	26	42	12	39	34	46	19
Gen 67	13243	15	10	21	9	30	23	1	18	37	44	38	41	29	3	45	17	35	27	36	40	43	24	47	32	7	13	20	5	2	33	25	14	4	11	6	22	28	31	16	26	8	42	39	34	46	12	19
Gen 68	12876	28	44	40	43	27	3	29	37	41	38	36	17	10	15	21	9	30	7	16	31	20	5	2	33	1	18	24	47	35	13	32	23	14	11	4	22	6	45	25	8	26	42	39	34	46	12	19
Gen 69	12846	28	27	15	25	7	21	32	30	38	41	37	1	36	17	47	10	33	3	29	44	24	43	2	20	16	31	35	18	22	14	11	4	13	5	6	45	40	23	9	8	26	42	39	34	46	12	19
Gen 70	12850	15	27	31	16	32	30	7	21	43	40	24	3	38	41	37	29	18	33	28	10	25	17	45	2	5	13	20	36	1	44	9	23	14	11	4	22	6	47	35	8	26	42	12	34	46	39	19
Gen 71	12870	28	40	33	27	17	10	25	7	9	23	30	21	32	16	47	45	20	31	35	15	24	44	38	41	1	36	37	3	29	18	43	2	22	6	13	5	14	11	4	8	26	42	39	34	46	12	19
Gen 72	13029	43	40	17	18	29	37	41	38	7	25	45	24	1	36	44	3	47	21	32	16	31	20	5	2	33	30	9	23	14	11	4	13	22	6	15	10	28	35	27	8	26	42	12	34	46	39	19
Gen 73	12753	17	43	37	44	1	41	38	36	28	35	18	3	33	27	15	47	10	20	16	31	7	21	32	30	9	23	24	2	22	14	11	4	6	13	5	25	45	40	29	8	26	42	39	34	46	12	19
Gen 74	13247	47	21	25	16	35	31	9	23	32	30	36	27	40	43	45	17	33	3	29	44	1	38	41	37	24	18	2	13	20	5	14	11	4	6	15	10	28	7	22	8	26	42	39	34	46	12	19
Gen 75	12620	17	36	24	18	29	37	44	1	41	38	9	23	25	33	30	7	32	21	47	28	27	40	43	2	45	3	31	16	20	13	15	10	14	11	4	22	6	5	35	8	26	42	12	34	46	39	19
Gen 76	12524	15	10	35	47	32	31	21	7	16	25	27	17	24	33	1	41	38	45	37	30	9	23	36	44	3	18	29	2	43	40	22	13	20	5	28	6	14	11	4	8	26	42	39	34	46	12	19
Gen 77	12589	28	32	30	9	23	17	18	40	43	27	45	47	35	10	16	31	7	21	20	2	24	3	37	1	29	44	36	38	41	22	14	11	4	6	13	5	25	33	15	8	26	42	12	39	34	46	19
Gen 78	12508	15	47	29	44	1	41	38	9	32	7	36	23	30	16	31	21	20	45	40	43	17	24	37	2	18	3	33	27	28	35	10	25	14	11	4	13	6	22	5	8	26	42	39	34	46	12	19
Gen 79	12693	28	10	35	24	33	18	3	29	41	1	44	40	43	27	17	30	9	23	38	45	2	5	20	31	16	21	7	32	36	25	37	22	6	14	11	4	13	15	47	8	26	42	12	39	34	46	19
Gen 80	12207	28	27	24	3	18	1	37	44	36	23	9	25	35	32	16	21	20	31	7	30	38	41	29	33	45	17	13	5	2	43	40	22	6	47	15	10	14	11	4	8	26	42	39	34	46	12	19
Gen 81	12376	28	47	10	35	15	25	9	23	30	7	16	31	21	38	41	37	3	29	18	24	44	1	36	17	43	33	27	40	2	45	20	13	14	11	4	22	6	5	32	8	26	42	39	34	46	12	19
Gen 82	12278	28	15	47	10	35	25	17	9	30	37	44	1	41	38	45	43	40	27	36	23	32	16	20	5	2	18	29	33	3	24	22	14	11	4	6	13	7	21	31	8	26	42	39	34	46	12	19
Gen 83	12301	28	15	47	10	31	7	9	30	32	17	24	3	18	29	37	41	38	36	23	25	35	33	45	2	43	40	27	44	1	22	14	11	4	6	13	5	20	21	16	26	42	8	12	34	46	39	19
Gen 84	12506	18	17	24	33	27	43	3	29	37	1	44	9	30	38	41	36	23	32	7	16	20	31	5	21	25	35	10	28	15	47	14	11	4	6	13	22	2	40	45	8	26	42	39	34	46	12	19
Gen 85	11911	43	40	3	37	23	7	21	25	35	47	10	15	17	45	24	33	18	29	44	2	5	20	31	16	32	9	30	36	41	38	1	22	14	11	4	6	27	28	13	8	26	42	39	34	46	12	19
Gen 86	12362	47	35	27	40	17	36	23	9	30	32	7	16	31	21	25	28	43	29	37	44	1	41	38	45	33	3	18	24	10	15	5	13	14	11	4	6	22	2	20	26	42	8	12	39	34	46	19
Gen 87	12127	15	47	28	40	43	3	18	29	41	1	38	44	37	36	30	9	23	32	35	7	21	31	16	20	5	25	33	17	45	22	14	11	4	6	13	2	24	27	10	8	26	42	39	34	46	12	19
Gen 88	12069	15	35	47	33	21	25	23	36	1	44	37	41	38	9	30	32	16	31	20	7	5	2	43	40	24	3	29	18	22	14	11	4	13	6	28	17	45	10	27	8	26	42	12	34	46	39	19
Gen 89	11925	47	15	21	25	43	40	24	44	1	9	23	36	38	41	29	37	18	3	2	5	20	16	31	7	45	17	33	27	28	10	35	30	32	13	6	22	14	11	4	8	26	42	39	34	46	12	19
Gen 90	12144	47	10	28	33	1	29	37	41	38	44	45	3	18	36	23	32	15	35	9	30	7	21	31	16	20	5	2	24	40	43	17	25	27	22	6	14	11	4	13	8	26	42	12	39	34	46	19
Gen 91	12226	15	35	10	32	21	17	9	30	36	23	38	41	24	33	25	16	31	20	5	2	45	3	18	29	37	44	1	40	43	27	13	28	47	6	22	14	11	4	7	8	26	42	39	34	46	12	19
Gen 92	12240	15	10	30	44	1	41	38	36	23	17	45	40	43	27	47	21	7	32	9	31	16	20	5	35	28	3	29	37	2	22	14	11	4	13	6	33	24	18	25	8	26	42	12	39	34	46	19
Gen 93	11724	15	47	10	35	31	16	21	25	32	9	30	7	45	3	37	41	36	23	1	38	29	44	17	40	43	2	24	18	33	22	14	11	4	20	13	5	6	28	27	8	26	42	12	34	46	39	19
Gen 94	12380	43	40	33	24	27	17	30	9	7	31	21	25	35	15	47	45	29	37	41	38	36	23	1	44	3	18	2	5	20	16	32	13	14	11	4	6	22	28	10	8	26	42	12	39	34	46	19
Gen 95	11964	40	24	44	1	41	38	9	23	30	36	32	7	25	35	31	16	20	15	10	45	17	33	18	3	29	37	2	5	13	14	11	4	6	47	28	27	43	22	21	8	26	42	39	34	46	12	19
Gen 96	12476	28	43	25	32	23	38	36	44	1	41	24	33	18	29	37	3	47	10	27	17	45	2	40	15	35	31	16	21	7	9	30	14	11	4	6	22	13	20	5	8	26	42	39	34	46	12	19
Gen 97	11427	28	10	15	47	40	33	17	24	29	37	44	1	41	38	45	25	35	27	43	2	18	3	36	9	23	30	7	21	20	5	13	16	31	6	22	14	11	4	32	8	26	42	12	34	46	39	19
Gen 98	11942	35	47	10	25	17	27	43	24	40	33	45	38	41	37	44	1	36	23	29	18	3	2	20	31	21	7	32	30	9	14	11	4	6	22	13	28	15	5	16	26	42	8	12	39	34	46	19
Gen 99	12173	15	35	28	47	10	21	32	16	31	7	45	24	3	18	43	40	44	37	29	2	1	41	38	30	9	23	25	5	20	13	14	11	4	6	27	22	17	33	36	8	26	42	39	34	46	12	19
Gen 100	12241	15	47	10	35	31	21	32	30	23	25	36	9	45	28	43	3	1	41	38	44	37	29	18	40	27	17	2	24	33	22	14	11	4	6	13	20	5	16	7	8	26	42	12	39	34	46	19
Gen 101	12037	28	43	17	16	31	25	9	32	7	21	35	47	10	15	27	40	29	37	41	2	45	24	44	1	38	36	23	30	14	11	4	22	18	3	33	6	13	5	20	8	26	42	12	34	46	39	19
Gen 102	12113	27	17	23	44	3	18	29	37	36	32	7	16	31	21	10	15	47	43	40	2	45	28	35	20	5	13	9	30	38	41	1	24	33	22	6	11	4	14	25	8	26	42	39	34	46	12	19
Gen 103	11915	15	17	43	40	18	3	37	44	1	29	41	38	30	7	16	31	21	20	5	25	27	47	35	9	23	32	36	24	33	45	2	22	6	28	10	13	14	11	4	8	26	42	39	34	46	12	19
Gen 104	11795	28	47	10	27	40	33	18	3	29	1	37	44	36	23	30	9	32	7	21	31	20	16	25	17	43	24	2	5	45	38	41	22	14	11	4	6	13	35	15	8	26	42	12	34	46	39	19
Gen 105	11988	28	35	47	10	15	17	43	40	33	18	3	29	41	38	44	1	36	23	9	45	5	20	31	7	21	25	32	30	14	11	4	13	6	22	2	24	37	27	16	26	42	8	12	34	46	39	19
Gen 106	11766	47	10	35	28	21	25	17	43	27	33	3	18	29	44	37	41	38	1	36	23	9	7	16	31	20	13	15	24	22	14	11	4	6	45	40	2	5	32	30	8	26	42	12	34	46	39	19
Gen 107	11816	15	10	35	25	17	43	40	24	33	18	29	1	41	38	36	9	32	30	7	16	20	5	2	45	3	37	44	23	14	11	4	22	6	47	28	27	31	21	13	8	26	42	12	39	34	46	19
Gen 108	11925	47	10	27	40	43	17	24	18	3	29	37	44	1	41	38	45	7	23	30	9	32	21	25	5	2	33	13	20	16	31	35	15	6	22	28	36	14	11	4	8	26	42	39	34	46	12	19
Gen 109	11732	28	10	21	32	25	30	36	1	38	41	37	44	29	18	3	47	15	27	45	24	2	33	7	31	16	20	13	5	9	23	17	43	40	22	14	11	4	6	35	8	26	42	39	34	46	12	19
Gen 110	11581	28	17	33	18	29	37	41	38	36	23	9	32	21	47	35	27	43	40	45	24	2	5	25	20	31	16	7	30	14	11	4	13	6	22	3	44	1	15	10	8	26	42	12	39	34	46	19
Gen 111	11857	15	47	17	24	3	29	37	1	36	23	38	41	9	32	31	16	25	35	5	20	7	30	21	10	28	27	43	40	44	33	18	2	45	22	14	11	4	6	13	8	26	42	39	34	46	12	19
Gen 112	11231	28	15	47	10	35	25	17	18	24	3	29	37	38	41	9	23	30	32	7	21	20	5	27	45	2	44	1	33	22	43	40	36	14	11	4	16	31	13	6	8	26	42	12	34	46	39	19
Gen 113	11981	28	27	43	40	18	24	3	29	37	41	38	36	23	30	7	31	20	16	35	10	17	44	1	33	2	5	21	32	9	45	22	14	11	4	6	13	47	15	25	8	26	42	12	39	34	46	19
Gen 114	10631	28	40	43	27	17	33	18	24	44	29	3	37	41	38	1	36	23	30	9	32	21	35	10	47	5	13	20	16	31	7	25	14	11	4	6	22	2	45	15	8	26	42	39	34	46	12	19
Gen 115	11539	28	47	10	25	32	9	30	7	21	29	44	1	36	23	38	41	37	45	24	3	18	2	5	16	31	20	13	35	15	27	17	33	43	40	6	22	14	11	4	8	26	42	12	34	46	39	19
Gen 116	11701	15	47	40	33	24	18	3	29	44	37	41	38	23	9	1	36	32	7	21	25	35	5	2	45	17	43	27	28	10	31	20	16	30	14	11	4	6	22	13	8	26	42	12	39	34	46	19
Gen 117	11553	15	27	28	43	24	33	18	3	44	1	29	37	41	38	36	23	9	7	21	25	35	5	20	31	16	47	10	32	30	14	11	4	13	2	22	6	45	40	17	8	26	42	12	39	34	46	19
Gen 118	11668	28	15	47	10	35	24	3	18	29	37	41	38	1	36	23	32	7	30	9	21	20	5	25	45	43	27	40	33	22	2	44	14	11	4	6	13	31	16	17	8	26	42	39	34	46	12	19
Gen 119	11582	21	35	28	10	15	27	40	33	3	29	37	44	1	41	38	36	23	30	7	25	32	9	45	17	43	2	24	18	22	14	11	4	13	20	31	5	6	47	16	26	42	8	12	39	34	46	19
Gen 120	11481	28	27	43	40	33	18	3	29	37	44	1	36	23	9	30	7	31	35	5	20	16	32	21	15	47	17	2	24	41	38	45	14	11	4	6	22	10	25	13	8	26	42	39	34	46	12	19
Gen 121	11733	28	27	43	40	1	36	23	30	9	21	25	17	24	18	3	29	41	38	44	37	33	35	47	10	5	20	16	31	7	32	13	14	11	4	6	45	2	22	15	8	26	42	12	34	46	39	19
Gen 122	11397	28	27	3	29	37	41	38	44	1	36	23	30	9	45	24	43	40	18	2	5	20	16	31	21	32	13	35	10	15	47	17	33	22	14	11	4	6	25	7	8	26	42	39	34	46	12	19
Gen 123	11509	28	35	47	10	32	16	31	21	25	7	30	9	23	1	36	41	38	44	3	29	37	18	2	33	24	40	43	27	17	45	5	20	13	6	22	14	11	4	15	8	26	42	12	39	34	46	19
Gen 124	11075	28	27	40	35	15	47	10	25	17	45	7	32	9	30	23	24	18	3	29	37	44	1	36	38	41	2	33	43	22	14	11	4	6	13	20	16	31	21	5	8	26	42	39	34	46	12	19
Gen 125	11301	47	15	28	10	25	32	30	9	23	38	41	1	36	44	37	3	29	18	24	40	33	43	27	17	45	2	5	20	16	31	13	14	11	4	6	22	35	7	21	8	26	42	12	34	46	39	19
Gen 126	11018	47	25	35	27	43	40	18	3	29	1	41	38	36	30	9	32	16	20	31	21	17	45	2	33	24	37	44	23	14	11	4	22	6	28	10	15	5	13	7	8	26	42	39	34	46	12	19
Gen 127	11569	28	27	25	35	30	9	23	36	38	41	37	29	3	18	24	43	47	17	33	45	10	15	21	31	16	20	13	32	7	14	11	4	6	22	2	40	44	1	5	8	26	42	12	39	34	46	19
Gen 128	11760	15	27	43	40	33	3	29	37	41	38	1	36	23	9	32	30	7	25	45	17	24	18	2	5	20	31	21	16	13	47	28	10	35	6	22	14	11	4	44	8	26	42	12	39	34	46	19
Gen 129	10950	28	27	15	47	35	10	25	7	30	9	32	36	23	38	41	37	44	29	2	18	24	40	43	45	17	33	3	1	22	14	11	4	13	6	5	20	16	31	21	8	26	42	12	39	34	46	19
Gen 130	11098	47	10	15	27	43	40	17	33	24	44	1	37	41	38	45	28	21	16	31	20	5	25	35	9	30	36	23	32	7	14	11	4	29	3	18	2	22	6	13	8	26	42	39	34	46	12	19
Gen 131	11567	28	47	17	24	3	29	18	43	40	33	37	44	1	41	38	36	23	25	35	27	15	10	21	16	31	32	7	5	20	30	9	14	11	4	6	2	22	45	13	8	26	42	39	34	46	12	19
Gen 132	11217	28	10	15	47	25	35	21	32	9	30	23	1	41	38	36	18	3	37	44	29	2	5	20	16	7	17	33	45	24	22	40	43	27	6	13	14	11	4	31	8	26	42	12	34	46	39	19
Gen 133	11796	15	27	43	40	33	24	18	3	29	37	41	38	9	23	25	28	17	45	7	21	16	31	20	5	35	47	10	32	30	14	11	4	13	22	6	2	36	1	44	8	26	42	39	34	46	12	19
Gen 134	11424	28	27	17	44	3	29	37	41	38	9	30	7	21	32	16	31	20	15	10	47	35	25	36	23	1	2	33	18	24	43	40	45	5	6	22	14	11	4	13	8	26	42	39	34	46	12	19
Gen 135	11341	27	43	24	3	18	29	37	41	38	44	36	17	33	45	10	15	35	25	32	7	21	31	16	20	5	2	40	13	14	11	4	30	9	23	1	22	6	28	47	8	26	42	39	34	46	12	19
Gen 136	11550	15	47	10	35	28	27	40	44	1	41	38	36	23	9	30	7	21	25	32	16	31	20	5	2	3	29	37	18	33	45	43	24	22	6	14	11	4	13	17	8	26	42	39	34	46	12	19
Gen 137	11544	28	35	15	47	10	21	31	16	7	32	23	1	41	38	36	24	33	45	17	43	40	37	3	29	2	44	9	30	14	11	4	13	5	25	27	18	22	6	20	8	26	42	12	34	46	39	19
Gen 138	10740	28	43	27	40	18	3	29	37	1	41	38	36	23	9	30	7	21	32	16	20	5	47	10	15	35	17	33	24	44	2	22	14	11	4	6	45	25	31	13	8	26	42	12	39	34	46	19
Gen 139	11276	28	27	40	24	44	37	1	41	38	36	23	32	21	30	9	25	17	18	3	29	2	43	47	15	10	35	5	20	13	14	11	4	6	22	33	45	7	16	31	8	26	42	39	34	46	12	19
Gen 140	11049	28	47	10	15	35	25	17	3	29	44	37	41	38	1	36	23	30	9	32	7	21	16	31	20	5	13	27	40	24	18	2	45	22	14	11	4	6	33	43	8	26	42	12	39	34	46	19
Gen 141	11530	15	10	16	31	21	25	32	7	9	30	36	23	17	45	43	40	18	29	44	37	41	38	1	33	3	24	2	5	13	47	28	27	6	22	14	11	4	20	35	8	26	42	39	34	46	12	19
Gen 142	10805	28	27	43	40	24	18	3	29	37	44	41	38	1	36	23	30	32	9	7	20	5	2	33	17	45	25	10	21	31	16	35	15	47	6	22	14	11	4	13	8	26	42	39	34	46	12	19
Gen 143	11371	28	27	43	40	33	24	44	1	41	38	9	30	21	25	35	10	15	47	5	20	16	31	45	36	23	7	17	18	3	29	37	2	22	6	13	14	11	4	32	8	26	42	12	39	34	46	19
Gen 144	10882	28	10	35	31	21	7	32	30	9	23	1	37	44	41	38	36	24	18	3	29	2	33	40	45	17	43	27	25	15	47	16	20	13	6	22	14	11	4	5	8	26	42	12	39	34	46	19
Gen 145	11572	28	17	33	40	43	44	1	36	23	30	9	27	15	35	10	21	25	45	47	5	20	31	16	7	32	13	2	24	18	3	29	37	41	38	22	6	14	11	4	8	26	42	39	34	46	12	19
Gen 146	10872	15	47	10	35	31	16	25	7	21	32	30	9	23	1	41	38	36	27	40	43	17	45	2	18	3	29	37	44	33	24	22	14	11	4	6	13	5	28	20	8	26	42	12	39	34	46	19
Gen 147	10972	28	15	10	35	25	17	18	3	29	37	41	38	44	1	36	23	30	9	32	7	21	16	31	20	5	2	33	45	40	27	43	24	22	14	11	4	6	13	47	8	26	42	12	34	46	39	19
Gen 148	10891	28	10	15	47	40	43	27	17	33	18	3	29	37	41	38	1	36	23	30	9	32	16	31	21	25	35	13	20	2	44	45	24	22	6	5	14	11	4	7	8	26	42	12	39	34	46	19
Gen 149	11128	28	43	40	1	41	38	36	23	9	30	7	32	21	25	35	47	17	3	29	37	44	18	24	2	45	27	10	15	5	13	14	11	4	6	22	33	16	31	20	8	26	42	39	34	46	12	19
Gen 150	11389	28	43	40	33	36	1	44	9	30	21	25	32	7	16	31	35	10	15	27	17	45	5	2	18	3	29	37	41	38	23	14	11	4	20	13	47	24	22	6	8	26	42	39	34	46	12	19
Gen 151	11202	28	17	43	40	44	1	37	41	38	36	23	32	7	30	9	45	47	27	33	24	18	3	29	2	5	25	10	15	35	13	20	16	31	21	6	22	14	11	4	8	26	42	12	39	34	46	19
Gen 152	11279	28	27	43	18	37	44	36	1	41	38	29	3	24	33	45	17	40	15	21	25	35	10	47	16	31	20	5	13	14	11	4	7	32	30	9	23	2	22	6	8	26	42	39	34	46	12	19
Gen 153	11049	28	47	35	10	15	27	43	40	18	3	29	37	44	36	23	1	41	38	9	30	32	16	31	21	25	17	24	2	33	45	14	11	4	6	22	13	20	5	7	8	26	42	39	34	46	12	19
Gen 154	10966	47	10	15	27	43	40	33	24	18	29	37	44	41	38	1	36	23	32	5	2	3	45	28	35	21	20	16	31	7	30	9	14	11	4	6	22	17	25	13	8	26	42	39	34	46	12	19
Gen 155	10889	28	15	10	35	47	17	33	40	18	3	29	37	41	38	36	23	30	9	32	7	21	16	31	20	5	13	27	43	25	14	11	4	6	22	2	24	44	1	45	8	26	42	39	34	46	12	19
Gen 156	11065	15	47	24	18	3	29	37	41	38	44	1	36	17	45	27	40	33	21	32	9	23	30	7	16	31	13	20	5	25	35	10	28	43	2	22	6	14	11	4	8	26	42	12	34	46	39	19
Gen 157	10964	28	43	40	37	41	38	36	23	30	9	45	27	17	18	3	29	44	1	2	24	35	10	5	15	47	16	31	20	13	14	11	4	32	7	21	25	33	22	6	8	26	42	39	34	46	12	19
Gen 158	10809	28	35	10	27	43	40	33	18	24	3	29	37	44	1	41	38	36	23	9	30	32	7	21	20	16	31	13	5	2	45	14	11	4	6	22	15	47	17	25	8	26	42	39	34	46	12	19
Gen 159	10960	43	40	17	18	24	3	29	37	1	41	38	44	36	23	9	30	32	7	21	25	35	10	5	20	16	31	13	28	15	27	47	33	45	2	22	14	11	4	6	8	26	42	12	34	46	39	19
Gen 160	11075	28	40	43	27	10	25	17	33	18	3	29	37	41	38	36	23	30	32	7	21	47	15	35	5	20	13	9	45	24	1	44	2	22	6	14	11	4	31	16	26	42	8	12	39	34	46	19
Gen 161	10846	27	43	40	18	3	29	37	41	38	36	1	44	33	24	23	9	32	30	7	25	35	47	15	5	20	16	31	21	10	28	17	45	2	22	14	11	4	13	6	8	26	42	12	39	34	46	19
Gen 162	10736	28	15	10	35	47	40	43	27	24	18	3	29	37	41	38	45	33	17	2	44	1	36	23	9	30	32	7	25	31	20	13	16	21	6	22	14	11	4	5	8	26	42	12	39	34	46	19
Gen 163	11109	15	47	40	18	3	29	37	41	38	36	23	9	30	32	7	21	16	31	20	5	10	25	33	45	24	44	1	2	22	14	11	4	6	13	28	17	43	27	35	8	26	42	39	34	46	12	19
Gen 164	11165	28	27	43	40	15	10	35	47	17	33	45	24	18	3	37	41	38	44	1	36	23	9	30	32	7	31	20	16	21	25	5	13	14	11	4	6	22	2	29	8	26	42	12	39	34	46	19
Gen 165	11022	28	27	43	40	24	18	3	29	37	1	41	38	36	23	9	30	32	7	21	25	17	33	45	2	20	31	16	35	15	47	10	13	5	6	22	14	11	4	44	8	26	42	12	39	34	46	19
Gen 166	11481	15	10	35	16	31	7	21	32	9	30	36	23	38	1	44	37	41	29	33	18	3	2	24	40	43	27	17	5	13	20	14	11	4	6	22	25	45	28	47	8	26	42	12	39	34	46	19
Gen 167	11168	15	35	21	25	17	24	44	1	36	23	9	30	7	32	16	31	20	10	27	43	40	33	2	45	28	18	3	29	37	41	38	22	14	11	4	13	6	47	5	8	26	42	39	34	46	12	19
Gen 168	11223	28	27	17	33	18	3	29	37	41	38	45	43	40	24	44	1	36	23	9	30	32	16	31	7	21	20	5	10	25	15	47	35	13	14	11	4	6	22	2	8	26	42	39	34	46	12	19
Gen 169	10955	28	47	27	17	23	9	30	32	7	21	35	15	10	25	45	33	24	43	40	37	41	38	36	29	1	44	2	18	3	22	14	11	4	6	13	20	16	31	5	8	26	42	39	34	46	12	19
Gen 170	10993	43	40	33	24	18	3	29	37	44	1	41	38	23	30	7	21	20	16	31	35	47	10	15	27	45	25	9	32	36	17	2	22	14	11	4	6	13	5	28	8	26	42	39	34	46	12	19
Gen 171	10825	47	28	35	25	7	21	10	27	17	45	43	40	33	36	23	30	9	32	16	31	20	5	15	24	18	3	29	37	41	38	1	44	2	22	6	13	14	11	4	8	26	42	12	39	34	46	19
Gen 172	11167	28	21	10	35	47	15	27	40	43	18	3	29	37	41	38	36	9	30	32	7	25	33	24	44	1	23	17	45	2	22	14	11	4	6	13	5	20	31	16	26	42	8	12	34	46	39	19
Gen 173	11218	15	28	47	27	43	40	44	1	41	38	23	30	9	32	7	31	16	20	5	25	45	2	33	18	3	29	37	24	22	14	11	4	6	10	35	13	21	17	36	8	26	42	12	34	46	39	19
Gen 174	10915	28	15	27	17	33	3	29	37	41	38	36	23	9	30	44	1	24	18	2	45	5	20	16	31	21	32	7	25	35	47	43	40	22	14	11	4	6	10	13	8	26	42	39	34	46	12	19
Gen 175	10335	28	43	40	44	29	37	1	41	38	36	23	9	30	32	7	21	25	35	15	47	10	17	33	18	3	2	45	24	22	14	11	4	6	27	16	31	20	5	13	8	26	42	39	34	46	12	19
Gen 176	10894	28	17	33	18	3	29	37	41	38	36	23	9	30	44	1	45	25	21	20	16	31	32	7	10	35	13	5	47	27	43	40	22	2	24	14	11	4	6	15	8	26	42	39	34	46	12	19
Gen 177	11219	28	43	40	18	3	29	37	41	38	36	1	44	23	30	7	25	35	15	20	16	31	21	10	47	27	17	33	45	2	24	22	14	11	4	13	6	32	9	5	8	26	42	39	34	46	12	19
Gen 178	10820	28	43	40	18	3	29	37	41	38	23	9	30	32	7	21	16	31	20	5	47	10	27	17	33	36	44	1	45	24	2	25	35	15	13	6	22	14	11	4	8	26	42	39	34	46	12	19
Gen 179	10880	28	43	27	17	18	3	29	37	41	38	36	44	1	23	9	30	7	32	16	31	21	10	35	25	45	24	40	33	2	15	47	5	13	6	22	14	11	4	20	8	26	42	39	34	46	12	19
Gen 180	10995	28	47	15	27	25	24	18	3	29	37	1	41	38	44	36	23	9	30	7	16	31	32	21	20	5	13	17	33	45	40	43	2	22	6	35	10	14	11	4	8	26	42	12	39	34	46	19
Gen 181	10607	28	27	17	18	3	29	37	41	38	44	1	36	23	9	30	32	7	21	20	16	31	25	15	10	35	5	13	47	40	33	24	2	22	14	11	4	6	45	43	8	26	42	39	34	46	12	19
Gen 182	11006	28	15	10	27	43	24	44	1	33	18	3	29	37	41	38	36	23	9	30	32	7	21	16	31	20	13	5	2	45	25	35	47	17	40	22	14	11	4	6	8	26	42	12	39	34	46	19
Gen 183	10914	28	47	17	18	3	29	37	24	44	1	41	38	36	23	9	30	32	7	25	21	10	15	27	43	40	33	45	2	5	20	16	31	13	6	22	14	11	4	35	8	26	42	39	34	46	12	19
Gen 184	10450	28	15	47	27	33	18	3	29	37	41	38	36	23	9	30	32	7	21	25	45	2	24	43	40	44	1	13	5	35	10	17	22	6	14	11	4	31	16	20	8	26	42	12	39	34	46	19
Gen 185	11087	28	27	33	40	18	3	29	37	44	1	41	38	36	23	9	32	16	31	21	25	15	10	35	47	17	45	2	24	43	22	14	11	4	6	13	20	30	7	5	8	26	42	39	34	46	12	19
Gen 186	10640	28	35	16	31	21	10	15	47	17	33	18	3	29	37	44	1	41	38	36	23	9	30	7	25	32	5	20	45	27	43	40	24	2	22	6	14	11	4	13	8	26	42	39	34	46	12	19
Gen 187	10698	28	35	25	17	18	3	29	37	41	38	1	36	23	9	30	32	7	21	16	31	20	5	2	24	44	33	43	40	22	14	11	4	6	47	10	27	45	15	13	8	26	42	12	34	46	39	19
Gen 188	10486	28	15	43	40	24	44	1	41	38	36	23	9	30	32	7	21	16	31	20	5	47	10	27	45	33	18	3	29	37	17	22	2	25	35	13	6	14	11	4	8	26	42	39	34	46	12	19
Gen 189	10793	28	27	43	40	24	44	1	41	38	36	23	30	7	32	9	45	17	33	18	3	29	37	2	47	15	10	35	13	21	25	31	20	16	5	6	22	14	11	4	8	26	42	12	39	34	46	19
Gen 190	10792	28	43	40	24	44	1	41	38	36	23	9	30	32	7	16	31	21	25	15	10	35	47	17	33	18	3	29	37	22	2	45	27	13	14	11	4	6	5	20	8	26	42	39	34	46	12	19
Gen 191	10884	28	17	33	18	3	29	37	41	38	36	44	1	23	30	32	7	21	47	35	10	27	43	40	24	2	45	5	15	13	20	16	31	6	22	14	11	4	9	25	8	26	42	39	34	46	12	19
Gen 192	10440	28	43	40	33	24	17	18	3	29	37	41	38	36	23	9	30	32	21	25	5	20	16	31	7	45	2	44	1	22	14	11	4	6	27	47	35	10	15	13	8	26	42	39	34	46	12	19
Gen 193	10989	28	47	10	15	27	43	40	18	3	29	37	41	38	36	23	9	30	7	25	35	16	31	20	5	21	17	33	2	1	44	45	24	22	14	11	4	6	13	32	8	26	42	39	34	46	12	19
Gen 194	10480	28	47	10	15	17	33	24	44	1	41	38	23	9	30	32	7	21	16	20	5	35	25	45	2	3	29	37	18	36	22	40	43	27	6	13	14	11	4	31	8	26	42	12	34	46	39	19
Gen 195	10565	28	47	10	25	17	18	3	29	37	41	38	23	9	30	32	16	31	20	5	35	15	27	43	40	24	44	1	36	14	11	4	13	6	22	2	45	33	21	7	8	26	42	39	34	46	12	19
Gen 196	10737	28	15	47	10	25	17	27	43	40	18	3	29	37	41	38	36	23	9	30	32	16	7	21	45	2	33	24	44	1	22	14	11	4	20	31	35	5	13	6	8	26	42	39	34	46	12	19
Gen 197	10341	43	40	33	24	44	1	36	23	9	30	32	21	10	35	25	7	16	31	20	5	15	47	17	18	3	29	37	41	38	45	2	22	6	28	27	14	11	4	13	8	26	42	39	34	46	12	19
Gen 198	10797	28	27	43	40	24	44	1	41	38	36	23	9	30	32	16	31	20	10	35	5	47	7	25	45	17	33	2	18	3	29	37	22	14	11	4	13	6	21	15	8	26	42	39	34	46	12	19
Gen 199	10587	28	15	35	10	27	17	18	3	29	37	44	1	41	38	36	23	9	30	7	21	25	5	20	16	31	13	47	43	40	24	33	2	22	14	11	4	6	45	32	8	26	42	39	34	46	12	19
Gen 200	10592	28	10	35	16	31	21	32	7	25	45	27	17	33	18	3	29	37	44	1	41	38	36	23	9	30	13	20	5	47	43	40	2	24	22	14	11	4	6	15	8	26	42	12	39	34	46	19
Gen 201	10704	28	47	43	40	33	18	3	29	37	44	1	41	38	36	23	9	30	32	16	31	20	5	21	17	45	24	2	15	10	27	22	25	35	6	14	11	4	13	7	8	26	42	12	39	34	46	19
Gen 202	10871	28	27	43	40	33	24	44	1	41	38	36	23	9	30	32	7	16	31	21	45	17	18	3	29	37	2	15	13	20	5	10	35	47	25	6	22	14	11	4	8	26	42	39	34	46	12	19
Gen 203	10531	28	43	40	33	24	44	1	41	38	36	23	9	30	32	7	25	45	17	5	2	18	3	29	37	27	35	13	20	16	31	21	10	15	47	6	22	14	11	4	8	26	42	12	39	34	46	19
Gen 204	10447	28	27	17	43	40	24	44	1	41	38	36	23	9	30	7	21	16	31	20	2	33	18	3	29	37	45	25	5	13	15	47	10	35	6	22	14	11	4	32	8	26	42	12	39	34	46	19
Gen 205	10655	28	15	17	18	3	29	37	41	38	36	23	9	30	32	7	21	25	35	47	10	27	43	40	44	1	24	2	45	14	11	4	5	13	20	16	31	6	22	33	8	26	42	39	34	46	12	19
Gen 206	10627	28	27	43	40	33	24	44	37	41	38	1	36	23	9	30	7	25	15	47	17	45	2	18	3	29	10	16	31	20	5	35	13	6	22	14	11	4	32	21	8	26	42	12	34	46	39	19
Gen 207	10823	28	47	10	15	27	40	24	18	3	29	37	41	38	36	23	9	30	32	7	21	20	5	25	35	16	31	45	43	17	33	2	44	1	22	6	13	14	11	4	8	26	42	39	34	46	12	19
Gen 208	10466	28	15	17	18	3	29	37	44	1	41	38	36	23	9	30	32	7	21	16	31	35	10	27	43	40	33	24	2	45	25	5	13	6	22	14	11	4	20	47	8	26	42	39	34	46	12	19
Gen 209	10380	28	27	17	33	43	40	18	3	29	37	44	1	41	38	36	23	9	30	32	7	21	16	31	20	5	13	35	45	15	47	10	14	11	4	6	22	2	24	25	8	26	42	12	39	34	46	19
Gen 210	10494	28	47	27	43	40	18	3	29	37	41	38	36	23	9	30	32	16	31	20	7	21	35	10	15	17	2	24	44	1	45	33	22	14	11	4	6	13	5	25	8	26	42	39	34	46	12	19
Gen 211	10259	28	43	40	18	3	29	37	41	38	36	23	9	30	7	25	45	17	33	24	2	1	44	15	35	5	13	20	16	31	21	10	47	27	22	6	14	11	4	32	8	26	42	39	34	46	12	19
Gen 212	10693	28	15	17	18	3	29	37	41	38	1	36	23	9	30	32	7	21	25	45	47	35	10	27	43	24	44	2	40	33	22	14	11	4	6	13	16	31	20	5	8	26	42	39	34	46	12	19
Gen 213	10515	28	27	43	40	33	24	18	3	29	37	44	1	41	38	36	23	9	30	32	7	10	47	15	35	25	17	45	2	5	13	14	11	4	20	16	31	21	6	22	8	26	42	12	39	34	46	19
Gen 214	10689	28	47	17	33	18	3	29	37	41	38	36	23	9	30	21	25	32	7	16	31	20	5	35	45	24	44	1	2	22	14	11	4	13	15	10	6	43	40	27	8	26	42	12	39	34	46	19
Gen 215	10790	28	27	43	40	18	3	29	37	41	38	36	23	9	30	7	21	25	33	24	44	1	2	5	10	15	13	20	16	31	35	47	17	45	22	14	11	4	32	6	8	26	42	39	34	46	12	19
Gen 216	10505	28	27	15	47	43	40	44	1	24	18	3	29	37	41	38	36	23	9	30	32	7	21	20	16	31	35	25	5	13	14	11	4	6	22	2	33	45	17	10	8	26	42	39	34	46	12	19
Gen 217	10460	28	43	40	18	3	29	37	41	38	36	23	9	30	32	16	31	20	21	35	47	15	17	33	24	44	1	2	45	27	22	14	11	4	13	6	10	25	5	7	8	26	42	12	39	34	46	19
Gen 218	10515	28	27	43	40	18	3	29	37	41	38	36	23	9	30	7	25	35	16	31	21	20	5	47	10	15	24	44	1	22	2	33	45	17	6	13	14	11	4	32	8	26	42	12	39	34	46	19
Gen 219	10452	28	27	43	40	18	3	29	37	41	38	36	23	9	30	32	7	21	16	31	20	5	2	45	17	33	24	44	1	22	14	11	4	13	6	15	10	35	47	25	8	26	42	39	34	46	12	19
Gen 220	10355	28	27	17	43	40	33	24	44	1	36	23	9	30	32	7	31	21	10	15	47	35	5	25	45	2	18	3	29	37	41	38	22	14	11	4	20	16	13	6	8	26	42	39	34	46	12	19
Gen 221	10308	28	47	15	27	43	40	24	44	1	41	38	36	23	9	30	32	7	25	35	10	17	45	33	18	3	29	37	2	22	14	11	4	20	31	21	16	6	13	5	8	26	42	12	39	34	46	19
Gen 222	10347	28	47	35	10	27	43	40	18	3	29	37	44	1	41	38	36	23	9	30	32	7	25	45	17	33	24	2	5	13	20	31	21	16	15	6	22	14	11	4	8	26	42	12	39	34	46	19
Gen 223	10586	28	43	40	24	44	1	33	18	3	29	37	41	38	36	23	9	30	32	16	31	20	5	7	21	10	15	47	13	14	11	4	25	35	22	2	45	17	27	6	8	26	42	12	39	34	46	19
Gen 224	10351	28	15	27	17	18	3	29	37	41	38	45	33	24	44	1	36	23	9	30	32	7	25	35	10	21	16	31	13	5	47	43	40	2	22	6	14	11	4	20	8	26	42	39	34	46	12	19
Gen 225	10643	28	47	17	33	24	44	1	41	38	36	23	9	30	32	7	16	31	20	5	10	35	25	45	27	43	40	18	3	29	37	2	22	14	11	4	6	13	21	15	8	26	42	39	34	46	12	19
Gen 226	10478	28	47	10	27	43	40	24	44	1	36	23	9	30	32	7	21	25	45	18	3	29	37	41	38	2	33	17	5	15	13	20	16	31	35	6	22	14	11	4	8	26	42	39	34	46	12	19
Gen 227	10096	28	27	17	43	40	33	24	44	1	41	38	36	23	9	30	32	7	16	31	20	35	25	45	18	3	29	37	2	22	14	11	4	13	6	47	10	15	5	21	8	26	42	12	39	34	46	19
Gen 228	10385	28	17	33	24	44	1	29	37	41	38	36	23	9	30	32	7	21	10	27	43	40	18	3	2	47	15	35	5	13	25	45	22	6	14	11	4	31	20	16	26	42	8	12	39	34	46	19
Gen 229	10346	28	27	43	40	33	18	3	29	37	41	38	36	23	9	30	32	7	21	25	45	17	24	44	1	2	15	47	10	13	5	20	31	16	35	6	22	14	11	4	8	26	42	39	34	46	12	19
Gen 230	10290	28	27	43	40	18	3	29	37	41	38	36	23	9	30	32	16	31	20	5	35	25	17	33	24	44	1	2	45	47	15	10	13	6	22	14	11	4	21	7	8	26	42	39	34	46	12	19
Gen 231	10319	28	27	43	40	44	1	41	38	36	23	9	30	32	7	16	31	20	35	15	17	45	2	24	18	3	29	37	33	22	14	11	4	6	13	47	10	25	5	21	8	26	42	12	39	34	46	19
Gen 232	10416	28	27	43	40	44	1	41	38	36	23	9	30	32	7	21	25	35	47	15	17	33	18	3	29	37	2	45	24	22	13	16	31	20	5	10	6	14	11	4	8	26	42	39	34	46	12	19
Gen 233	10244	28	43	40	18	3	29	37	41	38	36	23	9	30	32	7	25	35	10	17	33	24	44	1	2	45	27	47	15	5	16	31	20	13	6	22	14	11	4	21	8	26	42	12	39	34	46	19
Gen 234	10110	28	27	17	33	24	44	1	41	38	36	23	9	30	32	7	21	16	31	20	5	35	47	10	15	25	45	43	40	18	3	29	37	2	22	14	11	4	13	6	8	26	42	12	39	34	46	19
Gen 235	10054	28	27	43	40	44	1	41	38	36	23	9	30	32	7	21	16	31	20	5	47	10	15	35	25	45	17	33	24	18	3	29	37	2	22	14	11	4	13	6	8	26	42	39	34	46	12	19
Gen 236	10235	28	27	43	40	18	3	29	37	41	38	36	23	9	30	32	7	21	25	35	16	31	20	5	10	15	47	17	33	45	24	44	1	2	22	14	11	4	6	13	8	26	42	39	34	46	12	19
Gen 237	10253	28	27	43	40	33	24	44	1	36	23	9	30	32	7	25	45	17	18	3	29	37	41	38	2	15	10	47	5	13	20	16	31	35	6	22	14	11	4	21	8	26	42	39	34	46	12	19
Gen 238	9970	28	27	25	17	18	3	29	37	44	1	41	38	36	23	9	30	32	7	21	16	31	20	5	47	15	24	2	45	43	40	33	22	14	11	4	6	10	35	13	8	26	42	39	34	46	12	19
Gen 239	10269	28	27	43	40	24	44	1	41	38	36	23	9	30	32	7	16	31	20	5	15	47	17	33	18	3	29	37	2	45	22	14	11	4	6	10	25	35	21	13	8	26	42	12	39	34	46	19
Gen 240	10140	28	27	43	40	44	1	33	24	18	3	29	37	41	38	36	23	9	30	32	7	16	31	20	5	10	15	47	35	25	17	45	2	22	14	11	4	6	21	13	8	26	42	12	39	34	46	19
Gen 241	10160	28	27	43	40	18	3	29	37	41	38	36	23	9	30	32	21	16	31	20	5	35	47	10	15	2	44	1	45	17	33	24	22	6	25	14	11	4	13	7	8	26	42	39	34	46	12	19
Gen 242	10034	28	15	10	25	17	18	3	29	37	41	38	36	23	9	30	32	7	21	16	31	20	5	35	47	33	24	44	1	2	45	43	40	27	6	22	14	11	4	13	8	26	42	39	34	46	12	19
Gen 243	10049	28	27	43	40	18	3	29	37	44	1	41	38	36	23	9	30	32	7	21	25	35	15	5	10	47	13	20	16	31	45	24	2	33	17	6	22	14	11	4	8	26	42	39	34	46	12	19
Gen 244	10109	28	47	10	35	25	17	33	24	44	1	41	38	36	23	9	30	32	7	21	16	31	20	5	15	27	43	40	18	3	29	37	2	45	22	14	11	4	6	13	8	26	42	39	34	46	12	19
Gen 245	10109	28	27	17	18	3	29	37	41	38	36	23	9	30	32	7	21	16	31	20	5	35	15	47	10	25	45	43	40	33	24	44	1	2	22	6	13	14	11	4	8	26	42	39	34	46	12	19
Gen 246	9954	28	27	43	40	24	44	1	41	38	36	23	9	30	32	7	21	15	47	35	25	45	17	33	18	3	29	37	2	22	14	11	4	13	6	10	5	20	16	31	8	26	42	39	34	46	12	19
Gen 247	10225	28	47	10	15	27	17	33	18	3	29	37	41	38	36	23	9	30	32	7	25	5	35	45	24	44	1	2	43	40	22	14	11	4	6	13	20	16	31	21	8	26	42	12	39	34	46	19
Gen 248	10165	28	27	43	40	33	18	3	29	37	41	38	36	23	9	30	7	21	25	45	17	24	44	1	2	5	13	20	16	31	35	47	10	15	6	22	14	11	4	32	8	26	42	39	34	46	12	19
Gen 249	10217	28	27	17	33	24	41	38	36	23	9	30	32	7	21	25	15	47	35	10	45	43	40	18	3	29	37	44	1	2	22	14	11	4	20	16	31	5	13	6	8	26	42	12	39	34	46	19
Gen 250	10015	28	27	43	40	18	3	29	37	17	45	33	24	44	1	41	38	36	23	9	30	32	7	21	47	10	25	5	13	20	16	31	35	15	6	22	2	14	11	4	8	26	42	39	34	46	12	19
Gen 251	9942	28	27	43	40	18	3	29	37	41	38	36	23	9	30	32	7	21	16	31	20	47	10	15	25	45	17	33	24	44	1	2	22	14	11	4	6	5	35	13	8	26	42	12	39	34	46	19
Gen 252	10070	28	15	27	43	40	18	3	29	37	41	38	36	23	9	30	32	7	25	5	35	10	47	45	17	33	24	44	1	2	22	14	11	4	6	13	16	31	21	20	8	26	42	39	34	46	12	19
Gen 253	9851	28	27	43	40	18	3	29	37	41	38	36	23	9	30	32	7	21	16	31	20	35	25	45	17	33	24	44	1	2	22	14	11	4	13	5	10	15	47	6	8	26	42	39	34	46	12	19
Gen 254	9967	28	27	43	40	18	3	29	37	41	38	36	23	9	30	32	7	21	25	35	10	15	47	45	17	33	24	44	1	2	22	14	11	4	13	16	31	20	5	6	8	26	42	39	34	46	12	19
Gen 255	10072	28	27	43	40	18	3	29	37	41	38	36	23	9	30	32	7	21	16	31	20	5	25	17	33	24	44	1	2	45	22	14	11	4	13	6	15	35	47	10	8	26	42	39	34	46	12	19
Gen 256	10172	28	27	43	40	24	44	1	41	38	36	23	9	30	32	7	25	17	33	18	3	29	37	2	45	15	47	10	35	13	5	20	16	31	21	6	22	14	11	4	8	26	42	12	39	34	46	19
Gen 257	9988	28	15	10	47	27	43	40	18	3	29	37	41	38	36	23	9	30	32	7	16	31	20	21	25	45	17	44	1	33	24	2	22	14	11	4	13	5	35	6	8	26	42	12	39	34	46	19
Gen 258	9947	28	27	43	40	18	3	29	37	41	38	36	23	9	30	32	7	21	16	31	20	5	25	45	17	33	24	44	1	2	22	14	11	4	13	6	10	35	47	15	8	26	42	39	34	46	12	19
Gen 259	9976	28	27	43	40	18	3	29	37	41	38	36	23	9	30	32	7	21	16	31	20	5	47	10	25	45	17	24	44	1	2	33	22	14	11	4	13	6	15	35	8	26	42	12	39	34	46	19
Gen 260	9900	28	27	43	40	18	3	29	37	41	38	36	23	9	30	32	7	21	16	31	20	25	45	17	2	24	44	1	33	22	14	11	4	6	47	10	15	13	5	35	8	26	42	39	34	46	12	19
Gen 261	9853	28	43	40	24	44	1	41	38	36	23	9	30	32	7	21	16	31	20	5	15	10	45	17	18	3	29	37	2	33	22	14	11	4	25	35	47	27	6	13	8	26	42	39	34	46	12	19
Gen 262	10063	28	27	43	40	18	3	29	37	41	38	36	23	9	30	32	7	21	16	31	20	5	25	10	35	47	45	17	33	24	44	1	2	22	14	11	4	13	6	15	8	26	42	39	34	46	12	19
Gen 263	9822	28	27	43	40	33	24	44	1	41	38	36	23	9	30	32	7	21	16	31	20	5	10	15	47	35	25	17	45	2	18	3	29	37	22	14	11	4	6	13	8	26	42	12	39	34	46	19
Gen 264	9921	28	27	43	40	18	3	29	37	44	1	41	38	36	23	9	30	32	7	21	16	31	20	5	25	35	47	17	33	24	2	22	14	11	4	13	6	45	15	10	8	26	42	39	34	46	12	19
Gen 265	10078	28	27	43	40	18	3	29	37	41	38	36	23	9	30	32	7	21	25	17	33	24	44	1	2	45	20	13	5	35	47	10	15	6	22	14	11	4	16	31	8	26	42	39	34	46	12	19
Gen 266	9775	28	27	43	40	18	3	29	37	41	38	36	23	9	30	32	7	21	16	31	20	5	35	25	45	17	33	24	44	1	2	22	14	11	4	6	15	10	47	13	8	26	42	39	34	46	12	19
Gen 267	9805	28	27	43	40	18	3	29	37	41	38	36	23	9	30	32	7	21	16	31	20	5	25	45	17	33	24	44	1	2	22	14	11	4	13	6	15	47	10	35	8	26	42	12	34	46	39	19
Gen 268	9881	28	27	43	40	18	3	29	37	41	38	36	23	9	30	32	7	21	25	35	10	15	47	45	17	33	24	44	1	2	22	14	11	4	16	31	20	5	13	6	8	26	42	39	34	46	12	19
Gen 269	9793	28	27	43	40	44	1	41	38	36	23	9	30	32	7	21	16	31	20	5	35	25	45	17	33	24	2	18	3	29	37	22	14	11	4	13	6	15	47	10	8	26	42	12	39	34	46	19
Gen 270	9858	28	27	43	40	24	44	1	41	38	36	23	9	30	32	7	21	16	31	20	5	10	15	47	35	25	45	17	33	18	3	29	37	2	22	14	11	4	6	13	8	26	42	12	39	34	46	19
Gen 271	9880	28	27	43	40	18	3	29	37	41	38	36	23	9	30	32	7	21	16	31	20	5	25	17	45	33	24	44	1	2	22	14	11	4	13	6	15	10	35	47	8	26	42	12	39	34	46	19
Gen 272	9827	28	27	43	40	24	44	1	41	38	36	23	9	30	32	7	21	16	31	20	25	45	17	33	18	3	29	37	2	22	14	11	4	13	5	10	35	47	6	15	8	26	42	39	34	46	12	19
Gen 273	9585	28	27	43	40	18	3	29	37	44	1	41	38	36	23	9	30	32	7	21	16	31	20	5	25	17	33	24	2	45	22	14	11	4	13	6	15	47	10	35	8	26	42	39	34	46	12	19
Gen 274	9804	28	27	43	40	18	3	29	37	41	38	36	23	9	30	32	7	21	16	31	20	5	25	45	2	24	44	1	17	33	22	14	11	4	6	15	10	47	35	13	8	26	42	12	39	34	46	19
Gen 275	9854	28	27	43	40	33	24	44	1	41	38	36	23	9	30	32	7	21	16	31	20	5	10	47	15	35	25	45	2	18	3	29	37	17	6	22	14	11	4	13	8	26	42	12	39	34	46	19
Gen 276	9670	28	27	43	40	18	3	29	37	44	1	41	38	36	23	9	30	32	7	21	25	5	15	10	47	45	17	33	24	2	22	14	11	4	6	13	35	16	31	20	8	26	42	12	39	34	46	19
Gen 277	9522	28	27	43	40	18	3	29	37	44	1	41	38	36	23	9	30	32	7	21	16	31	20	5	35	47	15	10	25	45	17	33	24	2	22	14	11	4	6	13	8	26	42	12	39	34	46	19
Gen 278	9706	28	27	43	40	18	3	29	37	44	1	41	38	36	23	9	30	32	7	21	16	31	20	35	10	15	47	17	33	24	2	22	14	11	4	13	6	45	25	5	8	26	42	39	34	46	12	19
Gen 279	9850	28	27	43	40	18	3	29	37	41	38	36	23	9	30	32	7	21	16	31	20	35	5	25	17	33	24	44	1	2	45	22	14	11	4	6	15	47	10	13	8	26	42	39	34	46	12	19
Gen 280	9606	28	27	43	40	18	3	29	37	44	1	41	38	36	23	9	30	32	7	21	16	31	20	5	10	25	45	17	33	24	2	22	14	11	4	13	6	15	47	35	8	26	42	39	34	46	12	19
Gen 281	9716	28	27	43	40	24	44	1	41	38	36	23	9	30	32	7	21	16	31	20	5	35	25	45	17	33	18	3	29	37	2	22	14	11	4	6	47	10	15	13	8	26	42	39	34	46	12	19
Gen 282	9511	28	27	43	40	18	3	29	37	44	1	41	38	36	23	9	30	32	7	21	16	31	20	35	47	15	10	25	45	17	33	24	2	22	14	11	4	6	5	13	8	26	42	12	39	34	46	19
Gen 283	9614	28	27	43	40	18	3	29	37	41	38	36	23	9	30	32	7	21	16	31	20	5	25	45	17	33	24	44	1	2	22	14	11	4	6	15	47	10	35	13	8	26	42	12	39	34	46	19
Gen 284	9673	28	27	43	40	18	3	29	37	41	38	36	23	9	30	32	7	21	16	31	20	35	10	15	47	45	17	33	24	44	1	2	22	6	13	5	25	14	11	4	8	26	42	39	34	46	12	19
Gen 285	9725	28	27	43	40	18	3	29	37	41	38	36	23	9	30	32	7	21	16	31	20	5	35	25	45	17	33	24	44	1	2	22	14	11	4	6	47	15	10	13	8	26	42	39	34	46	12	19
Gen 286	9444	28	27	43	40	18	3	29	37	44	1	41	38	36	23	9	30	32	7	21	16	31	20	5	25	45	17	33	24	2	22	14	11	4	13	6	15	47	10	35	8	26	42	39	34	46	12	19
Gen 287	9658	28	27	43	40	18	3	29	37	41	38	36	23	9	30	32	7	21	16	31	20	5	25	45	17	33	24	44	1	2	22	14	11	4	6	10	15	47	35	13	8	26	42	12	39	34	46	19
Gen 288	9649	28	27	43	40	18	3	29	37	41	38	36	23	9	30	32	7	21	16	31	20	5	25	45	17	33	24	44	1	2	22	14	11	4	6	47	10	15	35	13	8	26	42	39	34	46	12	19
Gen 289	9633	28	27	43	40	18	3	29	37	41	38	36	23	9	30	32	7	21	16	31	20	5	25	45	17	33	24	44	1	2	22	14	11	4	6	47	10	15	35	13	8	26	42	12	39	34	46	19
Gen 290	9291	28	27	43	40	18	3	29	37	44	1	41	38	36	23	9	30	32	7	21	16	31	20	5	25	45	17	33	24	2	22	14	11	4	6	15	47	10	35	13	8	26	42	12	39	34	46	19
Gen 291	9285	28	27	43	40	18	3	29	37	44	1	41	38	36	23	9	30	32	7	21	16	31	20	5	25	45	17	33	24	2	22	14	11	4	6	47	15	10	35	13	8	26	42	39	34	46	12	19
Gen 292	9463	28	27	43	40	18	3	29	37	44	1	41	38	36	23	9	30	32	7	21	16	31	20	5	25	45	17	33	24	2	22	14	11	4	13	6	47	10	15	35	8	26	42	39	34	46	12	19
Gen 293	9523	28	27	43	40	18	3	29	37	44	1	41	38	36	23	9	30	32	7	21	16	31	20	5	35	25	45	17	33	24	2	22	14	11	4	13	6	47	15	10	8	26	42	12	39	34	46	19
Gen 294	9285	28	27	43	40	18	3	29	37	44	1	41	38	36	23	9	30	32	7	21	16	31	20	5	25	45	17	33	24	2	22	14	11	4	6	47	15	10	35	13	8	26	42	39	34	46	12	19
Gen 295	9447	28	27	43	40	18	3	29	37	44	1	41	38	36	23	9	30	32	7	21	16	31	20	5	25	45	17	33	24	2	22	14	11	4	13	6	47	10	15	35	8	26	42	12	39	34	46	19
Gen 296	9421	28	27	43	40	18	3	29	37	44	1	41	38	36	23	9	30	32	7	21	16	31	20	5	25	45	17	33	24	2	22	14	11	4	6	47	15	35	10	13	8	26	42	39	34	46	12	19
Gen 297	9447	28	27	43	40	18	3	29	37	44	1	41	38	36	23	9	30	32	7	21	16	31	20	5	25	45	17	33	24	2	22	14	11	4	13	6	47	10	15	35	8	26	42	12	39	34	46	19
Gen 298	9269	28	27	43	40	18	3	29	37	44	1	41	38	36	23	9	30	32	7	21	16	31	20	5	25	45	17	33	24	2	22	14	11	4	6	47	15	10	35	13	8	26	42	12	39	34	46	19
Gen 299	9291	28	27	43	40	18	3	29	37	44	1	41	38	36	23	9	30	32	7	21	16	31	20	5	25	45	17	33	24	2	22	14	11	4	6	15	47	10	35	13	8	26	42	12	39	34	46	19
Gen 300	9307	28	27	43	40	18	3	29	37	44	1	41	38	36	23	9	30	32	7	21	16	31	20	5	25	45	17	33	24	2	22	14	11	4	6	15	47	10	35	13	8	26	42	39	34	46	12	19
Gen 301	9291	28	27	43	40	18	3	29	37	44	1	41	38	36	23	9	30	32	7	21	16	31	20	5	25	45	17	33	24	2	22	14	11	4	6	15	47	10	35	13	8	26	42	12	39	34	46	19
Gen 302	9307	28	27	43	40	18	3	29	37	44	1	41	38	36	23	9	30	32	7	21	16	31	20	5	25	45	17	33	24	2	22	14	11	4	6	15	47	10	35	13	8	26	42	39	34	46	12	19
Gen 303	9310	28	27	43	40	18	3	29	37	44	1	41	38	36	23	9	30	32	7	21	16	31	20	5	25	45	17	33	24	2	22	14	11	4	6	47	10	15	35	13	8	26	42	12	39	34	46	19
Gen 304	9310	28	27	43	40	18	3	29	37	44	1	41	38	36	23	9	30	32	7	21	16	31	20	5	25	45	17	33	24	2	22	14	11	4	6	47	10	15	35	13	8	26	42	12	39	34	46	19
Gen 305	9291	28	27	43	40	18	3	29	37	44	1	41	38	36	23	9	30	32	7	21	16	31	20	5	25	45	17	33	24	2	22	14	11	4	6	15	47	10	35	13	8	26	42	12	39	34	46	19
Gen 306	9307	28	27	43	40	18	3	29	37	44	1	41	38	36	23	9	30	32	7	21	16	31	20	5	25	45	17	33	24	2	22	14	11	4	6	15	47	10	35	13	8	26	42	39	34	46	12	19
Gen 307	9291	28	27	43	40	18	3	29	37	44	1	41	38	36	23	9	30	32	7	21	16	31	20	5	25	45	17	33	24	2	22	14	11	4	6	15	47	10	35	13	8	26	42	12	39	34	46	19
Gen 308	9269	28	27	43	40	18	3	29	37	44	1	41	38	36	23	9	30	32	7	21	16	31	20	5	25	45	17	33	24	2	22	14	11	4	6	47	15	10	35	13	8	26	42	12	39	34	46	19
Gen 309	9285	28	27	43	40	18	3	29	37	44	1	41	38	36	23	9	30	32	7	21	16	31	20	5	25	45	17	33	24	2	22	14	11	4	6	47	15	10	35	13	8	26	42	39	34	46	12	19
Gen 310	9285	28	27	43	40	18	3	29	37	44	1	41	38	36	23	9	30	32	7	21	16	31	20	5	25	45	17	33	24	2	22	14	11	4	6	47	15	10	35	13	8	26	42	39	34	46	12	19
Gen 311	9269	28	27	43	40	18	3	29	37	44	1	41	38	36	23	9	30	32	7	21	16	31	20	5	25	45	17	33	24	2	22	14	11	4	6	47	15	10	35	13	8	26	42	12	39	34	46	19
Gen 312	9291	28	27	43	40	18	3	29	37	44	1	41	38	36	23	9	30	32	7	21	16	31	20	5	25	45	17	33	24	2	22	14	11	4	6	15	47	10	35	13	8	26	42	12	39	34	46	19
Gen 313	9285	28	27	43	40	18	3	29	37	44	1	41	38	36	23	9	30	32	7	21	16	31	20	5	25	45	17	33	24	2	22	14	11	4	6	47	15	10	35	13	8	26	42	39	34	46	12	19
Gen 314	9291	28	27	43	40	18	3	29	37	44	1	41	38	36	23	9	30	32	7	21	16	31	20	5	25	45	17	33	24	2	22	14	11	4	6	15	47	10	35	13	8	26	42	12	39	34	46	19
Gen 315	9307	28	27	43	40	18	3	29	37	44	1	41	38	36	23	9	30	32	7	21	16	31	20	5	25	45	17	33	24	2	22	14	11	4	6	15	47	10	35	13	8	26	42	39	34	46	12	19
Gen 316	9307	28	27	43	40	18	3	29	37	44	1	41	38	36	23	9	30	32	7	21	16	31	20	5	25	45	17	33	24	2	22	14	11	4	6	15	47	10	35	13	8	26	42	39	34	46	12	19
Gen 317	9269	28	27	43	40	18	3	29	37	44	1	41	38	36	23	9	30	32	7	21	16	31	20	5	25	45	17	33	24	2	22	14	11	4	6	47	15	10	35	13	8	26	42	12	39	34	46	19
Gen 318	9269	28	27	43	40	18	3	29	37	44	1	41	38	36	23	9	30	32	7	21	16	31	20	5	25	45	17	33	24	2	22	14	11	4	6	47	15	10	35	13	8	26	42	12	39	34	46	19
Gen 319	9269	28	27	43	40	18	3	29	37	44	1	41	38	36	23	9	30	32	7	21	16	31	20	5	25	45	17	33	24	2	22	14	11	4	6	47	15	10	35	13	8	26	42	12	39	34	46	19
Gen 320	9269	28	27	43	40	18	3	29	37	44	1	41	38	36	23	9	30	32	7	21	16	31	20	5	25	45	17	33	24	2	22	14	11	4	6	47	15	10	35	13	8	26	42	12	39	34	46	19
Gen 321	9269	28	27	43	40	18	3	29	37	44	1	41	38	36	23	9	30	32	7	21	16	31	20	5	25	45	17	33	24	2	22	14	11	4	6	47	15	10	35	13	8	26	42	12	39	34	46	19
Gen 322	9285	28	27	43	40	18	3	29	37	44	1	41	38	36	23	9	30	32	7	21	16	31	20	5	25	45	17	33	24	2	22	14	11	4	6	47	15	10	35	13	8	26	42	39	34	46	12	19
Gen 323	9269	28	27	43	40	18	3	29	37	44	1	41	38	36	23	9	30	32	7	21	16	31	20	5	25	45	17	33	24	2	22	14	11	4	6	47	15	10	35	13	8	26	42	12	39	34	46	19
Gen 324	9269	28	27	43	40	18	3	29	37	44	1	41	38	36	23	9	30	32	7	21	16	31	20	5	25	45	17	33	24	2	22	14	11	4	6	47	15	10	35	13	8	26	42	12	39	34	46	19
Gen 325	9269	28	27	43	40	18	3	29	37	44	1	41	38	36	23	9	30	32	7	21	16	31	20	5	25	45	17	33	24	2	22	14	11	4	6	47	15	10	35	13	8	26	42	12	39	34	46	19
Gen 326	9269	28	27	43	40	18	3	29	37	44	1	41	38	36	23	9	30	32	7	21	16	31	20	5	25	45	17	33	24	2	22	14	11	4	6	47	15	10	35	13	8	26	42	12	39	34	46	19
Gen 327	9269	28	27	43	40	18	3	29	37	44	1	41	38	36	23	9	30	32	7	21	16	31	20	5	25	45	17	33	24	2	22	14	11	4	6	47	15	10	35	13	8	26	42	12	39	34	46	19
Gen 328	9269	28	27	43	40	18	3	29	37	44	1	41	38	36	23	9	30	32	7	21	16	31	20	5	25	45	17	33	24	2	22	14	11	4	6	47	15	10	35	13	8	26	42	12	39	34	46	19
Gen 329	9269	28	27	43	40	18	3	29	37	44	1	41	38	36	23	9	30	32	7	21	16	31	20	5	25	45	17	33	24	2	22	14	11	4	6	47	15	10	35	13	8	26	42	12	39	34	46	19
Gen 330	9269	28	27	43	40	18	3	29	37	44	1	41	38	36	23	9	30	32	7	21	16	31	20	5	25	45	17	33	24	2	22	14	11	4	6	47	15	10	35	13	8	26	42	12	39	34	46	19
Gen 331	9269	28	27	43	40	18	3	29	37	44	1	41	38	36	23	9	30	32	7	21	16	31	20	5	25	45	17	33	24	2	22	14	11	4	6	47	15	10	35	13	8	26	42	12	39	34	46	19
Gen 332	9269	28	27	43	40	18	3	29	37	44	1	41	38	36	23	9	30	32	7	21	16	31	20	5	25	45	17	33	24	2	22	14	11	4	6	47	15	10	35	13	8	26	42	12	39	34	46	19
Gen 333	9269	28	27	43	40	18	3	29	37	44	1	41	38	36	23	9	30	32	7	21	16	31	20	5	25	45	17	33	24	2	22	14	11	4	6	47	15	10	35	13	8	26	42	12	39	34	46	19
Gen 334	9269	28	27	43	40	18	3	29	37	44	1	41	38	36	23	9	30	32	7	21	16	31	20	5	25	45	17	33	24	2	22	14	11	4	6	47	15	10	35	13	8	26	42	12	39	34	46	19
Gen 335	9285	28	27	43	40	18	3	29	37	44	1	41	38	36	23	9	30	32	7	21	16	31	20	5	25	45	17	33	24	2	22	14	11	4	6	47	15	10	35	13	8	26	42	39	34	46	12	19
Gen 336	9269	28	27	43	40	18	3	29	37	44	1	41	38	36	23	9	30	32	7	21	16	31	20	5	25	45	17	33	24	2	22	14	11	4	6	47	15	10	35	13	8	26	42	12	39	34	46	19
Gen 337	9269	28	27	43	40	18	3	29	37	44	1	41	38	36	23	9	30	32	7	21	16	31	20	5	25	45	17	33	24	2	22	14	11	4	6	47	15	10	35	13	8	26	42	12	39	34	46	19
Gen 338	9269	28	27	43	40	18	3	29	37	44	1	41	38	36	23	9	30	32	7	21	16	31	20	5	25	45	17	33	24	2	22	14	11	4	6	47	15	10	35	13	8	26	42	12	39	34	46	19
Gen 339	9269	28	27	43	40	18	3	29	37	44	1	41	38	36	23	9	30	32	7	21	16	31	20	5	25	45	17	33	24	2	22	14	11	4	6	47	15	10	35	13	8	26	42	12	39	34	46	19
Gen 340	9269	28	27	43	40	18	3	29	37	44	1	41	38	36	23	9	30	32	7	21	16	31	20	5	25	45	17	33	24	2	22	14	11	4	6	47	15	10	35	13	8	26	42	12	39	34	46	19
Gen 341	9269	28	27	43	40	18	3	29	37	44	1	41	38	36	23	9	30	32	7	21	16	31	20	5	25	45	17	33	24	2	22	14	11	4	6	47	15	10	35	13	8	26	42	12	39	34	46	19
Gen 342	9269	28	27	43	40	18	3	29	37	44	1	41	38	36	23	9	30	32	7	21	16	31	20	5	25	45	17	33	24	2	22	14	11	4	6	47	15	10	35	13	8	26	42	12	39	34	46	19
Gen 343	9285	28	27	43	40	18	3	29	37	44	1	41	38	36	23	9	30	32	7	21	16	31	20	5	25	45	17	33	24	2	22	14	11	4	6	47	15	10	35	13	8	26	42	39	34	46	12	19
Gen 344	9269	28	27	43	40	18	3	29	37	44	1	41	38	36	23	9	30	32	7	21	16	31	20	5	25	45	17	33	24	2	22	14	11	4	6	47	15	10	35	13	8	26	42	12	39	34	46	19
Gen 345	9269	28	27	43	40	18	3	29	37	44	1	41	38	36	23	9	30	32	7	21	16	31	20	5	25	45	17	33	24	2	22	14	11	4	6	47	15	10	35	13	8	26	42	12	39	34	46	19
Gen 346	9285	28	27	43	40	18	3	29	37	44	1	41	38	36	23	9	30	32	7	21	16	31	20	5	25	45	17	33	24	2	22	14	11	4	6	47	15	10	35	13	8	26	42	39	34	46	12	19
Gen 347	9269	28	27	43	40	18	3	29	37	44	1	41	38	36	23	9	30	32	7	21	16	31	20	5	25	45	17	33	24	2	22	14	11	4	6	47	15	10	35	13	8	26	42	12	39	34	46	19
Gen 348	9269	28	27	43	40	18	3	29	37	44	1	41	38	36	23	9	30	32	7	21	16	31	20	5	25	45	17	33	24	2	22	14	11	4	6	47	15	10	35	13	8	26	42	12	39	34	46	19
Gen 349	9269	28	27	43	40	18	3	29	37	44	1	41	38	36	23	9	30	32	7	21	16	31	20	5	25	45	17	33	24	2	22	14	11	4	6	47	15	10	35	13	8	26	42	12	39	34	46	19
Gen 350	9291	28	27	43	40	18	3	29	37	44	1	41	38	36	23	9	30	32	7	21	16	31	20	5	25	45	17	33	24	2	22	14	11	4	6	15	47	10	35	13	8	26	42	12	39	34	46	19
Gen 351	9269	28	27	43	40	18	3	29	37	44	1	41	38	36	23	9	30	32	7	21	16	31	20	5	25	45	17	33	24	2	22	14	11	4	6	47	15	10	35	13	8	26	42	12	39	34	46	19
Gen 352	9269	28	27	43	40	18	3	29	37	44	1	41	38	36	23	9	30	32	7	21	16	31	20	5	25	45	17	33	24	2	22	14	11	4	6	47	15	10	35	13	8	26	42	12	39	34	46	19
Gen 353	9269	28	27	43	40	18	3	29	37	44	1	41	38	36	23	9	30	32	7	21	16	31	20	5	25	45	17	33	24	2	22	14	11	4	6	47	15	10	35	13	8	26	42	12	39	34	46	19
Gen 354	9269	28	27	43	40	18	3	29	37	44	1	41	38	36	23	9	30	32	7	21	16	31	20	5	25	45	17	33	24	2	22	14	11	4	6	47	15	10	35	13	8	26	42	12	39	34	46	19
Gen 355	9269	28	27	43	40	18	3	29	37	44	1	41	38	36	23	9	30	32	7	21	16	31	20	5	25	45	17	33	24	2	22	14	11	4	6	47	15	10	35	13	8	26	42	12	39	34	46	19
Gen 356	9285	28	27	43	40	18	3	29	37	44	1	41	38	36	23	9	30	32	7	21	16	31	20	5	25	45	17	33	24	2	22	14	11	4	6	47	15	10	35	13	8	26	42	39	34	46	12	19
Gen 357	9285	28	27	43	40	18	3	29	37	44	1	41	38	36	23	9	30	32	7	21	16	31	20	5	25	45	17	33	24	2	22	14	11	4	6	47	15	10	35	13	8	26	42	39	34	46	12	19
Gen 358	9239	28	27	43	40	18	3	29	37	44	1	41	38	36	23	9	30	32	7	21	16	31	20	25	45	17	33	24	2	22	14	11	4	5	35	10	15	47	6	13	8	26	42	12	39	34	46	19
Gen 359	9269	28	27	43	40	18	3	29	37	44	1	41	38	36	23	9	30	32	7	21	16	31	20	5	25	45	17	33	24	2	22	14	11	4	6	47	15	10	35	13	8	26	42	12	39	34	46	19
Gen 360	9269	28	27	43	40	18	3	29	37	44	1	41	38	36	23	9	30	32	7	21	16	31	20	5	25	45	17	33	24	2	22	14	11	4	6	47	15	10	35	13	8	26	42	12	39	34	46	19
Gen 361	9291	28	27	43	40	18	3	29	37	44	1	41	38	36	23	9	30	32	7	21	16	31	20	5	25	45	17	33	24	2	22	14	11	4	6	15	47	10	35	13	8	26	42	12	39	34	46	19
Gen 362	9269	28	27	43	40	18	3	29	37	44	1	41	38	36	23	9	30	32	7	21	16	31	20	5	25	45	17	33	24	2	22	14	11	4	6	47	15	10	35	13	8	26	42	12	39	34	46	19
Gen 363	9269	28	27	43	40	18	3	29	37	44	1	41	38	36	23	9	30	32	7	21	16	31	20	5	25	45	17	33	24	2	22	14	11	4	6	47	15	10	35	13	8	26	42	12	39	34	46	19
Gen 364	9269	28	27	43	40	18	3	29	37	44	1	41	38	36	23	9	30	32	7	21	16	31	20	5	25	45	17	33	24	2	22	14	11	4	6	47	15	10	35	13	8	26	42	12	39	34	46	19
Gen 365	9285	28	27	43	40	18	3	29	37	44	1	41	38	36	23	9	30	32	7	21	16	31	20	5	25	45	17	33	24	2	22	14	11	4	6	47	15	10	35	13	8	26	42	39	34	46	12	19
Gen 366	9269	28	27	43	40	18	3	29	37	44	1	41	38	36	23	9	30	32	7	21	16	31	20	5	25	45	17	33	24	2	22	14	11	4	6	47	15	10	35	13	8	26	42	12	39	34	46	19
Gen 367	9269	28	27	43	40	18	3	29	37	44	1	41	38	36	23	9	30	32	7	21	16	31	20	5	25	45	17	33	24	2	22	14	11	4	6	47	15	10	35	13	8	26	42	12	39	34	46	19
Gen 368	9285	28	27	43	40	18	3	29	37	44	1	41	38	36	23	9	30	32	7	21	16	31	20	5	25	45	17	33	24	2	22	14	11	4	6	47	15	10	35	13	8	26	42	39	34	46	12	19
Gen 369	9269	28	27	43	40	18	3	29	37	44	1	41	38	36	23	9	30	32	7	21	16	31	20	5	25	45	17	33	24	2	22	14	11	4	6	47	15	10	35	13	8	26	42	12	39	34	46	19
Gen 370	9269	28	27	43	40	18	3	29	37	44	1	41	38	36	23	9	30	32	7	21	16	31	20	5	25	45	17	33	24	2	22	14	11	4	6	47	15	10	35	13	8	26	42	12	39	34	46	19
Gen 371	9269	28	27	43	40	18	3	29	37	44	1	41	38	36	23	9	30	32	7	21	16	31	20	5	25	45	17	33	24	2	22	14	11	4	6	47	15	10	35	13	8	26	42	12	39	34	46	19
Gen 372	9285	28	27	43	40	18	3	29	37	44	1	41	38	36	23	9	30	32	7	21	16	31	20	5	25	45	17	33	24	2	22	14	11	4	6	47	15	10	35	13	8	26	42	39	34	46	12	19
Gen 373	9269	28	27	43	40	18	3	29	37	44	1	41	38	36	23	9	30	32	7	21	16	31	20	5	25	45	17	33	24	2	22	14	11	4	6	47	15	10	35	13	8	26	42	12	39	34	46	19
Gen 374	9269	28	27	43	40	18	3	29	37	44	1	41	38	36	23	9	30	32	7	21	16	31	20	5	25	45	17	33	24	2	22	14	11	4	6	47	15	10	35	13	8	26	42	12	39	34	46	19
Gen 375	9269	28	27	43	40	18	3	29	37	44	1	41	38	36	23	9	30	32	7	21	16	31	20	5	25	45	17	33	24	2	22	14	11	4	6	47	15	10	35	13	8	26	42	12	39	34	46	19
Gen 376	9269	28	27	43	40	18	3	29	37	44	1	41	38	36	23	9	30	32	7	21	16	31	20	5	25	45	17	33	24	2	22	14	11	4	6	47	15	10	35	13	8	26	42	12	39	34	46	19
Gen 377	9269	28	27	43	40	18	3	29	37	44	1	41	38	36	23	9	30	32	7	21	16	31	20	5	25	45	17	33	24	2	22	14	11	4	6	47	15	10	35	13	8	26	42	12	39	34	46	19
Gen 378	9269	28	27	43	40	18	3	29	37	44	1	41	38	36	23	9	30	32	7	21	16	31	20	5	25	45	17	33	24	2	22	14	11	4	6	47	15	10	35	13	8	26	42	12	39	34	46	19
Gen 379	9269	28	27	43	40	18	3	29	37	44	1	41	38	36	23	9	30	32	7	21	16	31	20	5	25	45	17	33	24	2	22	14	11	4	6	47	15	10	35	13	8	26	42	12	39	34	46	19
Gen 380	9291	28	27	43	40	18	3	29	37	44	1	41	38	36	23	9	30	32	7	21	16	31	20	5	25	45	17	33	24	2	22	14	11	4	6	15	47	10	35	13	8	26	42	12	39	34	46	19
Gen 381	9269	28	27	43	40	18	3	29	37	44	1	41	38	36	23	9	30	32	7	21	16	31	20	5	25	45	17	33	24	2	22	14	11	4	6	47	15	10	35	13	8	26	42	12	39	34	46	19
Gen 382	9269	28	27	43	40	18	3	29	37	44	1	41	38	36	23	9	30	32	7	21	16	31	20	5	25	45	17	33	24	2	22	14	11	4	6	47	15	10	35	13	8	26	42	12	39	34	46	19
Gen 383	9285	28	27	43	40	18	3	29	37	44	1	41	38	36	23	9	30	32	7	21	16	31	20	5	25	45	17	33	24	2	22	14	11	4	6	47	15	10	35	13	8	26	42	39	34	46	12	19
Gen 384	9269	28	27	43	40	18	3	29	37	44	1	41	38	36	23	9	30	32	7	21	16	31	20	5	25	45	17	33	24	2	22	14	11	4	6	47	15	10	35	13	8	26	42	12	39	34	46	19
Gen 385	9269	28	27	43	40	18	3	29	37	44	1	41	38	36	23	9	30	32	7	21	16	31	20	5	25	45	17	33	24	2	22	14	11	4	6	47	15	10	35	13	8	26	42	12	39	34	46	19
Gen 386	9291	28	27	43	40	18	3	29	37	44	1	41	38	36	23	9	30	32	7	21	16	31	20	5	25	45	17	33	24	2	22	14	11	4	6	15	47	10	35	13	8	26	42	12	39	34	46	19
Gen 387	9291	28	27	43	40	18	3	29	37	44	1	41	38	36	23	9	30	32	7	21	16	31	20	5	25	45	17	33	24	2	22	14	11	4	6	15	47	10	35	13	8	26	42	12	39	34	46	19
Gen 388	9269	28	27	43	40	18	3	29	37	44	1	41	38	36	23	9	30	32	7	21	16	31	20	5	25	45	17	33	24	2	22	14	11	4	6	47	15	10	35	13	8	26	42	12	39	34	46	19
Gen 389	9269	28	27	43	40	18	3	29	37	44	1	41	38	36	23	9	30	32	7	21	16	31	20	5	25	45	17	33	24	2	22	14	11	4	6	47	15	10	35	13	8	26	42	12	39	34	46	19
Gen 390	9269	28	27	43	40	18	3	29	37	44	1	41	38	36	23	9	30	32	7	21	16	31	20	5	25	45	17	33	24	2	22	14	11	4	6	47	15	10	35	13	8	26	42	12	39	34	46	19
Gen 391	9269	28	27	43	40	18	3	29	37	44	1	41	38	36	23	9	30	32	7	21	16	31	20	5	25	45	17	33	24	2	22	14	11	4	6	47	15	10	35	13	8	26	42	12	39	34	46	19
Gen 392	9269	28	27	43	40	18	3	29	37	44	1	41	38	36	23	9	30	32	7	21	16	31	20	5	25	45	17	33	24	2	22	14	11	4	6	47	15	10	35	13	8	26	42	12	39	34	46	19
Gen 393	9269	28	27	43	40	18	3	29	37	44	1	41	38	36	23	9	30	32	7	21	16	31	20	5	25	45	17	33	24	2	22	14	11	4	6	47	15	10	35	13	8	26	42	12	39	34	46	19
Gen 394	9269	28	27	43	40	18	3	29	37	44	1	41	38	36	23	9	30	32	7	21	16	31	20	5	25	45	17	33	24	2	22	14	11	4	6	47	15	10	35	13	8	26	42	12	39	34	46	19
Gen 395	9269	28	27	43	40	18	3	29	37	44	1	41	38	36	23	9	30	32	7	21	16	31	20	5	25	45	17	33	24	2	22	14	11	4	6	47	15	10	35	13	8	26	42	12	39	34	46	19
Gen 396	9269	28	27	43	40	18	3	29	37	44	1	41	38	36	23	9	30	32	7	21	16	31	20	5	25	45	17	33	24	2	22	14	11	4	6	47	15	10	35	13	8	26	42	12	39	34	46	19
Gen 397	9269	28	27	43	40	18	3	29	37	44	1	41	38	36	23	9	30	32	7	21	16	31	20	5	25	45	17	33	24	2	22	14	11	4	6	47	15	10	35	13	8	26	42	12	39	34	46	19
Gen 398	9269	28	27	43	40	18	3	29	37	44	1	41	38	36	23	9	30	32	7	21	16	31	20	5	25	45	17	33	24	2	22	14	11	4	6	47	15	10	35	13	8	26	42	12	39	34	46	19
Gen 399	9269	28	27	43	40	18	3	29	37	44	1	41	38	36	23	9	30	32	7	21	16	31	20	5	25	45	17	33	24	2	22	14	11	4	6	47	15	10	35	13	8	26	42	12	39	34	46	19
Gen 400	9269	28	27	43	40	18	3	29	37	44	1	41	38	36	23	9	30	32	7	21	16	31	20	5	25	45	17	33	24	2	22	14	11	4	6	47	15	10	35	13	8	26	42	12	39	34	46	19
Gen 401	9269	28	27	43	40	18	3	29	37	44	1	41	38	36	23	9	30	32	7	21	16	31	20	5	25	45	17	33	24	2	22	14	11	4	6	47	15	10	35	13	8	26	42	12	39	34	46	19
Gen 402	9269	28	27	43	40	18	3	29	37	44	1	41	38	36	23	9	30	32	7	21	16	31	20	5	25	45	17	33	24	2	22	14	11	4	6	47	15	10	35	13	8	26	42	12	39	34	46	19
Gen 403	9269	28	27	43	40	18	3	29	37	44	1	41	38	36	23	9	30	32	7	21	16	31	20	5	25	45	17	33	24	2	22	14	11	4	6	47	15	10	35	13	8	26	42	12	39	34	46	19
Gen 404	9291	28	27	43	40	18	3	29	37	44	1	41	38	36	23	9	30	32	7	21	16	31	20	5	25	45	17	33	24	2	22	14	11	4	6	15	47	10	35	13	8	26	42	12	39	34	46	19
Gen 405	9269	28	27	43	40	18	3	29	37	44	1	41	38	36	23	9	30	32	7	21	16	31	20	5	25	45	17	33	24	2	22	14	11	4	6	47	15	10	35	13	8	26	42	12	39	34	46	19
Gen 406	9269	28	27	43	40	18	3	29	37	44	1	41	38	36	23	9	30	32	7	21	16	31	20	5	25	45	17	33	24	2	22	14	11	4	6	47	15	10	35	13	8	26	42	12	39	34	46	19
Gen 407	9285	28	27	43	40	18	3	29	37	44	1	41	38	36	23	9	30	32	7	21	16	31	20	5	25	45	17	33	24	2	22	14	11	4	6	47	15	10	35	13	8	26	42	39	34	46	12	19
Gen 408	9269	28	27	43	40	18	3	29	37	44	1	41	38	36	23	9	30	32	7	21	16	31	20	5	25	45	17	33	24	2	22	14	11	4	6	47	15	10	35	13	8	26	42	12	39	34	46	19
Gen 409	9269	28	27	43	40	18	3	29	37	44	1	41	38	36	23	9	30	32	7	21	16	31	20	5	25	45	17	33	24	2	22	14	11	4	6	47	15	10	35	13	8	26	42	12	39	34	46	19
Gen 410	9269	28	27	43	40	18	3	29	37	44	1	41	38	36	23	9	30	32	7	21	16	31	20	5	25	45	17	33	24	2	22	14	11	4	6	47	15	10	35	13	8	26	42	12	39	34	46	19
Gen 411	9269	28	27	43	40	18	3	29	37	44	1	41	38	36	23	9	30	32	7	21	16	31	20	5	25	45	17	33	24	2	22	14	11	4	6	47	15	10	35	13	8	26	42	12	39	34	46	19
Gen 412	9291	28	27	43	40	18	3	29	37	44	1	41	38	36	23	9	30	32	7	21	16	31	20	5	25	45	17	33	24	2	22	14	11	4	6	15	47	10	35	13	8	26	42	12	39	34	46	19
Gen 413	9269	28	27	43	40	18	3	29	37	44	1	41	38	36	23	9	30	32	7	21	16	31	20	5	25	45	17	33	24	2	22	14	11	4	6	47	15	10	35	13	8	26	42	12	39	34	46	19
Gen 414	9269	28	27	43	40	18	3	29	37	44	1	41	38	36	23	9	30	32	7	21	16	31	20	5	25	45	17	33	24	2	22	14	11	4	6	47	15	10	35	13	8	26	42	12	39	34	46	19
Gen 415	9269	28	27	43	40	18	3	29	37	44	1	41	38	36	23	9	30	32	7	21	16	31	20	5	25	45	17	33	24	2	22	14	11	4	6	47	15	10	35	13	8	26	42	12	39	34	46	19
Gen 416	9269	28	27	43	40	18	3	29	37	44	1	41	38	36	23	9	30	32	7	21	16	31	20	5	25	45	17	33	24	2	22	14	11	4	6	47	15	10	35	13	8	26	42	12	39	34	46	19
Gen 417	9269	28	27	43	40	18	3	29	37	44	1	41	38	36	23	9	30	32	7	21	16	31	20	5	25	45	17	33	24	2	22	14	11	4	6	47	15	10	35	13	8	26	42	12	39	34	46	19
Gen 418	9269	28	27	43	40	18	3	29	37	44	1	41	38	36	23	9	30	32	7	21	16	31	20	5	25	45	17	33	24	2	22	14	11	4	6	47	15	10	35	13	8	26	42	12	39	34	46	19
Gen 419	9291	28	27	43	40	18	3	29	37	44	1	41	38	36	23	9	30	32	7	21	16	31	20	5	25	45	17	33	24	2	22	14	11	4	6	15	47	10	35	13	8	26	42	12	39	34	46	19
Gen 420	9291	28	27	43	40	18	3	29	37	44	1	41	38	36	23	9	30	32	7	21	16	31	20	5	25	45	17	33	24	2	22	14	11	4	6	15	47	10	35	13	8	26	42	12	39	34	46	19
Gen 421	9269	28	27	43	40	18	3	29	37	44	1	41	38	36	23	9	30	32	7	21	16	31	20	5	25	45	17	33	24	2	22	14	11	4	6	47	15	10	35	13	8	26	42	12	39	34	46	19
Gen 422	9269	28	27	43	40	18	3	29	37	44	1	41	38	36	23	9	30	32	7	21	16	31	20	5	25	45	17	33	24	2	22	14	11	4	6	47	15	10	35	13	8	26	42	12	39	34	46	19
Gen 423	9269	28	27	43	40	18	3	29	37	44	1	41	38	36	23	9	30	32	7	21	16	31	20	5	25	45	17	33	24	2	22	14	11	4	6	47	15	10	35	13	8	26	42	12	39	34	46	19
Gen 424	9269	28	27	43	40	18	3	29	37	44	1	41	38	36	23	9	30	32	7	21	16	31	20	5	25	45	17	33	24	2	22	14	11	4	6	47	15	10	35	13	8	26	42	12	39	34	46	19
Gen 425	9269	28	27	43	40	18	3	29	37	44	1	41	38	36	23	9	30	32	7	21	16	31	20	5	25	45	17	33	24	2	22	14	11	4	6	47	15	10	35	13	8	26	42	12	39	34	46	19
Gen 426	9269	28	27	43	40	18	3	29	37	44	1	41	38	36	23	9	30	32	7	21	16	31	20	5	25	45	17	33	24	2	22	14	11	4	6	47	15	10	35	13	8	26	42	12	39	34	46	19
Gen 427	9269	28	27	43	40	18	3	29	37	44	1	41	38	36	23	9	30	32	7	21	16	31	20	5	25	45	17	33	24	2	22	14	11	4	6	47	15	10	35	13	8	26	42	12	39	34	46	19
Gen 428	9269	28	27	43	40	18	3	29	37	44	1	41	38	36	23	9	30	32	7	21	16	31	20	5	25	45	17	33	24	2	22	14	11	4	6	47	15	10	35	13	8	26	42	12	39	34	46	19
Gen 429	9269	28	27	43	40	18	3	29	37	44	1	41	38	36	23	9	30	32	7	21	16	31	20	5	25	45	17	33	24	2	22	14	11	4	6	47	15	10	35	13	8	26	42	12	39	34	46	19
Gen 430	9269	28	27	43	40	18	3	29	37	44	1	41	38	36	23	9	30	32	7	21	16	31	20	5	25	45	17	33	24	2	22	14	11	4	6	47	15	10	35	13	8	26	42	12	39	34	46	19
Gen 431	9269	28	27	43	40	18	3	29	37	44	1	41	38	36	23	9	30	32	7	21	16	31	20	5	25	45	17	33	24	2	22	14	11	4	6	47	15	10	35	13	8	26	42	12	39	34	46	19
Gen 432	9285	28	27	43	40	18	3	29	37	44	1	41	38	36	23	9	30	32	7	21	16	31	20	5	25	45	17	33	24	2	22	14	11	4	6	47	15	10	35	13	8	26	42	39	34	46	12	19
Gen 433	9269	28	27	43	40	18	3	29	37	44	1	41	38	36	23	9	30	32	7	21	16	31	20	5	25	45	17	33	24	2	22	14	11	4	6	47	15	10	35	13	8	26	42	12	39	34	46	19
Gen 434	9269	28	27	43	40	18	3	29	37	44	1	41	38	36	23	9	30	32	7	21	16	31	20	5	25	45	17	33	24	2	22	14	11	4	6	47	15	10	35	13	8	26	42	12	39	34	46	19
Gen 435	9269	28	27	43	40	18	3	29	37	44	1	41	38	36	23	9	30	32	7	21	16	31	20	5	25	45	17	33	24	2	22	14	11	4	6	47	15	10	35	13	8	26	42	12	39	34	46	19
Gen 436	9269	28	27	43	40	18	3	29	37	44	1	41	38	36	23	9	30	32	7	21	16	31	20	5	25	45	17	33	24	2	22	14	11	4	6	47	15	10	35	13	8	26	42	12	39	34	46	19
Gen 437	9269	28	27	43	40	18	3	29	37	44	1	41	38	36	23	9	30	32	7	21	16	31	20	5	25	45	17	33	24	2	22	14	11	4	6	47	15	10	35	13	8	26	42	12	39	34	46	19
Gen 438	9285	28	27	43	40	18	3	29	37	44	1	41	38	36	23	9	30	32	7	21	16	31	20	5	25	45	17	33	24	2	22	14	11	4	6	47	15	10	35	13	8	26	42	39	34	46	12	19
Gen 439	9269	28	27	43	40	18	3	29	37	44	1	41	38	36	23	9	30	32	7	21	16	31	20	5	25	45	17	33	24	2	22	14	11	4	6	47	15	10	35	13	8	26	42	12	39	34	46	19
Gen 440	9269	28	27	43	40	18	3	29	37	44	1	41	38	36	23	9	30	32	7	21	16	31	20	5	25	45	17	33	24	2	22	14	11	4	6	47	15	10	35	13	8	26	42	12	39	34	46	19
Gen 441	9269	28	27	43	40	18	3	29	37	44	1	41	38	36	23	9	30	32	7	21	16	31	20	5	25	45	17	33	24	2	22	14	11	4	6	47	15	10	35	13	8	26	42	12	39	34	46	19
Gen 442	9269	28	27	43	40	18	3	29	37	44	1	41	38	36	23	9	30	32	7	21	16	31	20	5	25	45	17	33	24	2	22	14	11	4	6	47	15	10	35	13	8	26	42	12	39	34	46	19
Gen 443	9285	28	27	43	40	18	3	29	37	44	1	41	38	36	23	9	30	32	7	21	16	31	20	5	25	45	17	33	24	2	22	14	11	4	6	47	15	10	35	13	8	26	42	39	34	46	12	19
Gen 444	9269	28	27	43	40	18	3	29	37	44	1	41	38	36	23	9	30	32	7	21	16	31	20	5	25	45	17	33	24	2	22	14	11	4	6	47	15	10	35	13	8	26	42	12	39	34	46	19
Gen 445	9269	28	27	43	40	18	3	29	37	44	1	41	38	36	23	9	30	32	7	21	16	31	20	5	25	45	17	33	24	2	22	14	11	4	6	47	15	10	35	13	8	26	42	12	39	34	46	19
Gen 446	9291	28	27	43	40	18	3	29	37	44	1	41	38	36	23	9	30	32	7	21	16	31	20	5	25	45	17	33	24	2	22	14	11	4	6	15	47	10	35	13	8	26	42	12	39	34	46	19
Gen 447	9269	28	27	43	40	18	3	29	37	44	1	41	38	36	23	9	30	32	7	21	16	31	20	5	25	45	17	33	24	2	22	14	11	4	6	47	15	10	35	13	8	26	42	12	39	34	46	19
Gen 448	9291	28	27	43	40	18	3	29	37	44	1	41	38	36	23	9	30	32	7	21	16	31	20	5	25	45	17	33	24	2	22	14	11	4	6	15	47	10	35	13	8	26	42	12	39	34	46	19
Gen 449	9269	28	27	43	40	18	3	29	37	44	1	41	38	36	23	9	30	32	7	21	16	31	20	5	25	45	17	33	24	2	22	14	11	4	6	47	15	10	35	13	8	26	42	12	39	34	46	19
Gen 450	9269	28	27	43	40	18	3	29	37	44	1	41	38	36	23	9	30	32	7	21	16	31	20	5	25	45	17	33	24	2	22	14	11	4	6	47	15	10	35	13	8	26	42	12	39	34	46	19
Gen 451	9269	28	27	43	40	18	3	29	37	44	1	41	38	36	23	9	30	32	7	21	16	31	20	5	25	45	17	33	24	2	22	14	11	4	6	47	15	10	35	13	8	26	42	12	39	34	46	19
Gen 452	9291	28	27	43	40	18	3	29	37	44	1	41	38	36	23	9	30	32	7	21	16	31	20	5	25	45	17	33	24	2	22	14	11	4	6	15	47	10	35	13	8	26	42	12	39	34	46	19
Gen 453	9291	28	27	43	40	18	3	29	37	44	1	41	38	36	23	9	30	32	7	21	16	31	20	5	25	45	17	33	24	2	22	14	11	4	6	15	47	10	35	13	8	26	42	12	39	34	46	19
Gen 454	9291	28	27	43	40	18	3	29	37	44	1	41	38	36	23	9	30	32	7	21	16	31	20	5	25	45	17	33	24	2	22	14	11	4	6	15	47	10	35	13	8	26	42	12	39	34	46	19
Gen 455	9285	28	27	43	40	18	3	29	37	44	1	41	38	36	23	9	30	32	7	21	16	31	20	5	25	45	17	33	24	2	22	14	11	4	6	47	15	10	35	13	8	26	42	39	34	46	12	19
Gen 456	9269	28	27	43	40	18	3	29	37	44	1	41	38	36	23	9	30	32	7	21	16	31	20	5	25	45	17	33	24	2	22	14	11	4	6	47	15	10	35	13	8	26	42	12	39	34	46	19
Gen 457	9291	28	27	43	40	18	3	29	37	44	1	41	38	36	23	9	30	32	7	21	16	31	20	5	25	45	17	33	24	2	22	14	11	4	6	15	47	10	35	13	8	26	42	12	39	34	46	19
Gen 458	9269	28	27	43	40	18	3	29	37	44	1	41	38	36	23	9	30	32	7	21	16	31	20	5	25	45	17	33	24	2	22	14	11	4	6	47	15	10	35	13	8	26	42	12	39	34	46	19
Gen 459	9285	28	27	43	40	18	3	29	37	44	1	41	38	36	23	9	30	32	7	21	16	31	20	5	25	45	17	33	24	2	22	14	11	4	6	47	15	10	35	13	8	26	42	39	34	46	12	19
Gen 460	9291	28	27	43	40	18	3	29	37	44	1	41	38	36	23	9	30	32	7	21	16	31	20	5	25	45	17	33	24	2	22	14	11	4	6	15	47	10	35	13	8	26	42	12	39	34	46	19
Gen 461	9291	28	27	43	40	18	3	29	37	44	1	41	38	36	23	9	30	32	7	21	16	31	20	5	25	45	17	33	24	2	22	14	11	4	6	15	47	10	35	13	8	26	42	12	39	34	46	19
Gen 462	9291	28	27	43	40	18	3	29	37	44	1	41	38	36	23	9	30	32	7	21	16	31	20	5	25	45	17	33	24	2	22	14	11	4	6	15	47	10	35	13	8	26	42	12	39	34	46	19
Gen 463	9269	28	27	43	40	18	3	29	37	44	1	41	38	36	23	9	30	32	7	21	16	31	20	5	25	45	17	33	24	2	22	14	11	4	6	47	15	10	35	13	8	26	42	12	39	34	46	19
Gen 464	9291	28	27	43	40	18	3	29	37	44	1	41	38	36	23	9	30	32	7	21	16	31	20	5	25	45	17	33	24	2	22	14	11	4	6	15	47	10	35	13	8	26	42	12	39	34	46	19
Gen 465	9273	28	27	43	40	18	3	29	37	44	1	41	38	36	23	9	30	32	7	21	16	31	20	25	45	17	33	24	2	22	14	11	4	6	47	15	10	35	5	13	8	26	42	12	39	34	46	19
Gen 466	9310	28	27	43	40	18	3	29	37	44	1	41	38	36	23	9	30	32	7	21	16	31	20	5	25	45	17	33	24	2	22	14	11	4	6	47	10	15	35	13	8	26	42	12	39	34	46	19
Gen 467	9269	28	27	43	40	18	3	29	37	44	1	41	38	36	23	9	30	32	7	21	16	31	20	5	25	45	17	33	24	2	22	14	11	4	6	47	15	10	35	13	8	26	42	12	39	34	46	19
Gen 468	9269	28	27	43	40	18	3	29	37	44	1	41	38	36	23	9	30	32	7	21	16	31	20	5	25	45	17	33	24	2	22	14	11	4	6	47	15	10	35	13	8	26	42	12	39	34	46	19
Gen 469	9291	28	27	43	40	18	3	29	37	44	1	41	38	36	23	9	30	32	7	21	16	31	20	5	25	45	17	33	24	2	22	14	11	4	6	15	47	10	35	13	8	26	42	12	39	34	46	19
Gen 470	9291	28	27	43	40	18	3	29	37	44	1	41	38	36	23	9	30	32	7	21	16	31	20	5	25	45	17	33	24	2	22	14	11	4	6	15	47	10	35	13	8	26	42	12	39	34	46	19
Gen 471	9273	28	27	43	40	18	3	29	37	44	1	41	38	36	23	9	30	32	7	21	16	31	20	25	45	17	33	24	2	22	14	11	4	6	47	15	10	35	5	13	8	26	42	12	39	34	46	19
Gen 472	9291	28	27	43	40	18	3	29	37	44	1	41	38	36	23	9	30	32	7	21	16	31	20	5	25	45	17	33	24	2	22	14	11	4	6	15	47	10	35	13	8	26	42	12	39	34	46	19
Gen 473	9291	28	27	43	40	18	3	29	37	44	1	41	38	36	23	9	30	32	7	21	16	31	20	5	25	45	17	33	24	2	22	14	11	4	6	15	47	10	35	13	8	26	42	12	39	34	46	19
Gen 474	9285	28	27	43	40	18	3	29	37	44	1	41	38	36	23	9	30	32	7	21	16	31	20	5	25	45	17	33	24	2	22	14	11	4	6	47	15	10	35	13	8	26	42	39	34	46	12	19
Gen 475	9291	28	27	43	40	18	3	29	37	44	1	41	38	36	23	9	30	32	7	21	16	31	20	5	25	45	17	33	24	2	22	14	11	4	6	15	47	10	35	13	8	26	42	12	39	34	46	19
Gen 476	9291	28	27	43	40	18	3	29	37	44	1	41	38	36	23	9	30	32	7	21	16	31	20	5	25	45	17	33	24	2	22	14	11	4	6	15	47	10	35	13	8	26	42	12	39	34	46	19
Gen 477	9291	28	27	43	40	18	3	29	37	44	1	41	38	36	23	9	30	32	7	21	16	31	20	5	25	45	17	33	24	2	22	14	11	4	6	15	47	10	35	13	8	26	42	12	39	34	46	19
Gen 478	9269	28	27	43	40	18	3	29	37	44	1	41	38	36	23	9	30	32	7	21	16	31	20	5	25	45	17	33	24	2	22	14	11	4	6	47	15	10	35	13	8	26	42	12	39	34	46	19
Gen 479	9291	28	27	43	40	18	3	29	37	44	1	41	38	36	23	9	30	32	7	21	16	31	20	5	25	45	17	33	24	2	22	14	11	4	6	15	47	10	35	13	8	26	42	12	39	34	46	19
Gen 480	9291	28	27	43	40	18	3	29	37	44	1	41	38	36	23	9	30	32	7	21	16	31	20	5	25	45	17	33	24	2	22	14	11	4	6	15	47	10	35	13	8	26	42	12	39	34	46	19
Gen 481	9291	28	27	43	40	18	3	29	37	44	1	41	38	36	23	9	30	32	7	21	16	31	20	5	25	45	17	33	24	2	22	14	11	4	6	15	47	10	35	13	8	26	42	12	39	34	46	19
Gen 482	9291	28	27	43	40	18	3	29	37	44	1	41	38	36	23	9	30	32	7	21	16	31	20	5	25	45	17	33	24	2	22	14	11	4	6	15	47	10	35	13	8	26	42	12	39	34	46	19
Gen 483	9291	28	27	43	40	18	3	29	37	44	1	41	38	36	23	9	30	32	7	21	16	31	20	5	25	45	17	33	24	2	22	14	11	4	6	15	47	10	35	13	8	26	42	12	39	34	46	19
Gen 484	9291	28	27	43	40	18	3	29	37	44	1	41	38	36	23	9	30	32	7	21	16	31	20	5	25	45	17	33	24	2	22	14	11	4	6	15	47	10	35	13	8	26	42	12	39	34	46	19
Gen 485	9269	28	27	43	40	18	3	29	37	44	1	41	38	36	23	9	30	32	7	21	16	31	20	5	25	45	17	33	24	2	22	14	11	4	6	47	15	10	35	13	8	26	42	12	39	34	46	19
Gen 486	9285	28	27	43	40	18	3	29	37	44	1	41	38	36	23	9	30	32	7	21	16	31	20	5	25	45	17	33	24	2	22	14	11	4	6	47	15	10	35	13	8	26	42	39	34	46	12	19
Gen 487	9291	28	27	43	40	18	3	29	37	44	1	41	38	36	23	9	30	32	7	21	16	31	20	5	25	45	17	33	24	2	22	14	11	4	6	15	47	10	35	13	8	26	42	12	39	34	46	19
Gen 488	9269	28	27	43	40	18	3	29	37	44	1	41	38	36	23	9	30	32	7	21	16	31	20	5	25	45	17	33	24	2	22	14	11	4	6	47	15	10	35	13	8	26	42	12	39	34	46	19
Gen 489	9269	28	27	43	40	18	3	29	37	44	1	41	38	36	23	9	30	32	7	21	16	31	20	5	25	45	17	33	24	2	22	14	11	4	6	47	15	10	35	13	8	26	42	12	39	34	46	19
Gen 490	9269	28	27	43	40	18	3	29	37	44	1	41	38	36	23	9	30	32	7	21	16	31	20	5	25	45	17	33	24	2	22	14	11	4	6	47	15	10	35	13	8	26	42	12	39	34	46	19
Gen 491	9269	28	27	43	40	18	3	29	37	44	1	41	38	36	23	9	30	32	7	21	16	31	20	5	25	45	17	33	24	2	22	14	11	4	6	47	15	10	35	13	8	26	42	12	39	34	46	19
Gen 492	9269	28	27	43	40	18	3	29	37	44	1	41	38	36	23	9	30	32	7	21	16	31	20	5	25	45	17	33	24	2	22	14	11	4	6	47	15	10	35	13	8	26	42	12	39	34	46	19
Gen 493	9291	28	27	43	40	18	3	29	37	44	1	41	38	36	23	9	30	32	7	21	16	31	20	5	25	45	17	33	24	2	22	14	11	4	6	15	47	10	35	13	8	26	42	12	39	34	46	19
Gen 494	9291	28	27	43	40	18	3	29	37	44	1	41	38	36	23	9	30	32	7	21	16	31	20	5	25	45	17	33	24	2	22	14	11	4	6	15	47	10	35	13	8	26	42	12	39	34	46	19
Gen 495	9269	28	27	43	40	18	3	29	37	44	1	41	38	36	23	9	30	32	7	21	16	31	20	5	25	45	17	33	24	2	22	14	11	4	6	47	15	10	35	13	8	26	42	12	39	34	46	19
Gen 496	9269	28	27	43	40	18	3	29	37	44	1	41	38	36	23	9	30	32	7	21	16	31	20	5	25	45	17	33	24	2	22	14	11	4	6	47	15	10	35	13	8	26	42	12	39	34	46	19
Gen 497	9285	28	27	43	40	18	3	29	37	44	1	41	38	36	23	9	30	32	7	21	16	31	20	5	25	45	17	33	24	2	22	14	11	4	6	47	15	10	35	13	8	26	42	39	34	46	12	19
Gen 498	9269	28	27	43	40	18	3	29	37	44	1	41	38	36	23	9	30	32	7	21	16	31	20	5	25	45	17	33	24	2	22	14	11	4	6	47	15	10	35	13	8	26	42	12	39	34	46	19
Gen 499	9291	28	27	43	40	18	3	29	37	44	1	41	38	36	23	9	30	32	7	21	16	31	20	5	25	45	17	33	24	2	22	14	11	4	6	15	47	10	35	13	8	26	42	12	39	34	46	19
